[01m[K/home/amov/catkin_ws/src/mission_offboard/src/mission_offboard.cpp:[m[K In function ‘[01m[Kint main(int, char**)[m[K’:
[01m[K/home/amov/catkin_ws/src/mission_offboard/src/mission_offboard.cpp:570:79:[m[K [01;31m[Kerror: [m[K‘[01m[Krc_sb[m[K’ was not declared in this scope
  ros::Subscriber rc_sub = nh.subscribe<mavros_msgs::RCIn>("/mavros/rc/in", 1, [01;31m[Krc_sb[m[K);
                                                                               [01;31m[K^~~~~[m[K
[01m[K/home/amov/catkin_ws/src/mission_offboard/src/mission_offboard.cpp:570:79:[m[K [01;36m[Knote: [m[Ksuggested alternative: ‘[01m[Krc_sub[m[K’
  ros::Subscriber rc_sub = nh.subscribe<mavros_msgs::RCIn>("/mavros/rc/in", 1, [01;36m[Krc_sb[m[K);
                                                                               [01;36m[K^~~~~[m[K
                                                                               [32m[Krc_sub[m[K
[01m[K/home/amov/catkin_ws/src/mission_offboard/src/mission_offboard.cpp:661:53:[m[K [01;31m[Kerror: [m[K‘[01m[Kmavros_msgs::RCIn {aka struct mavros_msgs::RCIn_<std::allocator<void> >}[m[K’ has no member named ‘[01m[Kchannel[m[K’; did you mean ‘[01m[Kchannels[m[K’?
  <<"\n\t>>rc_in                 =(channel1:"<< rcin.[01;31m[Kchannel[m[K[0] << ",\tchannel2:" <<rcin.channel[1]<<")";
                                                     [01;31m[K^~~~~~~[m[K
                                                     [32m[Kchannels[m[K
[01m[K/home/amov/catkin_ws/src/mission_offboard/src/mission_offboard.cpp:661:89:[m[K [01;31m[Kerror: [m[K‘[01m[Kmavros_msgs::RCIn {aka struct mavros_msgs::RCIn_<std::allocator<void> >}[m[K’ has no member named ‘[01m[Kchannel[m[K’; did you mean ‘[01m[Kchannels[m[K’?
  <<"\n\t>>rc_in                 =(channel1:"<< rcin.channel[0] << ",\tchannel2:" <<rcin.[01;31m[Kchannel[m[K[1]<<")";
                                                                                         [01;31m[K^~~~~~~[m[K
                                                                                         [32m[Kchannels[m[K
[01m[K/home/amov/catkin_ws/src/mission_offboard/src/mission_offboard.cpp:662:2:[m[K [01;31m[Kerror: [m[Kexpected primary-expression before ‘[01m[K<<[m[K’ token
  [01;31m[K<<[m[K"\n";
  [01;31m[K^~[m[K
[01m[K/home/amov/catkin_ws/src/mission_offboard/src/mission_offboard.cpp:676:38:[m[K [01;31m[Kerror: [m[K‘[01m[Kmavros_msgs::RCIn {aka struct mavros_msgs::RCIn_<std::allocator<void> >}[m[K’ has no member named ‘[01m[Kchannel[m[K’; did you mean ‘[01m[Kchannels[m[K’?
  <<"\n\t>>rc_in\t=(channel1:"<< rcin.[01;31m[Kchannel[m[K[0] << ",\tchannel2:" <<rcin.channel[1]<<")";
                                      [01;31m[K^~~~~~~[m[K
                                      [32m[Kchannels[m[K
[01m[K/home/amov/catkin_ws/src/mission_offboard/src/mission_offboard.cpp:676:74:[m[K [01;31m[Kerror: [m[K‘[01m[Kmavros_msgs::RCIn {aka struct mavros_msgs::RCIn_<std::allocator<void> >}[m[K’ has no member named ‘[01m[Kchannel[m[K’; did you mean ‘[01m[Kchannels[m[K’?
  <<"\n\t>>rc_in\t=(channel1:"<< rcin.channel[0] << ",\tchannel2:" <<rcin.[01;31m[Kchannel[m[K[1]<<")";
                                                                          [01;31m[K^~~~~~~[m[K
                                                                          [32m[Kchannels[m[K
[01m[K/home/amov/catkin_ws/src/mission_offboard/src/mission_offboard.cpp:677:2:[m[K [01;31m[Kerror: [m[Kexpected primary-expression before ‘[01m[K<<[m[K’ token
  [01;31m[K<<[m[K"\n\n\n\n";
  [01;31m[K^~[m[K
make[2]: *** [CMakeFiles/mission_offboard.dir/src/mission_offboard.cpp.o] Error 1
make[1]: *** [CMakeFiles/mission_offboard.dir/all] Error 2
make: *** [all] Error 2
