[01m[K/home/amov/catkin_ws/src/mission_offboard/src/mission_offboard.cpp:[m[K In function ‘[01m[Kint main(int, char**)[m[K’:
[01m[K/home/amov/catkin_ws/src/mission_offboard/src/mission_offboard.cpp:703:35:[m[K [01;31m[Kerror: [m[Kno match for ‘[01m[Koperator+[m[K’ (operand types are ‘[01m[Kgeometry_msgs::PoseStamped {aka geometry_msgs::PoseStamped_<std::allocator<void> >}[m[K’ and ‘[01m[Kint[m[K’)
       target_pos_pub.publish([01;31m[Kpose + delt_z[m[K);
                              [01;31m[K~~~~~^~~~~~~~[m[K
In file included from [01m[K/usr/include/c++/7/vector:65:0[m[K,
                 from [01m[K/usr/include/boost/math/special_functions/math_fwd.hpp:26[m[K,
                 from [01m[K/usr/include/boost/math/special_functions/round.hpp:15[m[K,
                 from [01m[K/opt/ros/melodic/include/ros/time.h:58[m[K,
                 from [01m[K/opt/ros/melodic/include/ros/ros.h:38[m[K,
                 from [01m[K/home/amov/catkin_ws/src/mission_offboard/src/mission_offboard.cpp:429[m[K:
[01m[K/usr/include/c++/7/bits/stl_bvector.h:387:3:[m[K [01;36m[Knote: [m[Kcandidate: std::_Bit_const_iterator std::operator+(std::ptrdiff_t, const std::_Bit_const_iterator&)
   [01;36m[Koperator[m[K+(ptrdiff_t __n, const _Bit_const_iterator& __x)
   [01;36m[K^~~~~~~~[m[K
[01m[K/usr/include/c++/7/bits/stl_bvector.h:387:3:[m[K [01;36m[Knote: [m[K  no known conversion for argument 1 from ‘[01m[Kgeometry_msgs::PoseStamped {aka geometry_msgs::PoseStamped_<std::allocator<void> >}[m[K’ to ‘[01m[Kstd::ptrdiff_t {aka long int}[m[K’
[01m[K/usr/include/c++/7/bits/stl_bvector.h:297:3:[m[K [01;36m[Knote: [m[Kcandidate: std::_Bit_iterator std::operator+(std::ptrdiff_t, const std::_Bit_iterator&)
   [01;36m[Koperator[m[K+(ptrdiff_t __n, const _Bit_iterator& __x)
   [01;36m[K^~~~~~~~[m[K
[01m[K/usr/include/c++/7/bits/stl_bvector.h:297:3:[m[K [01;36m[Knote: [m[K  no known conversion for argument 1 from ‘[01m[Kgeometry_msgs::PoseStamped {aka geometry_msgs::PoseStamped_<std::allocator<void> >}[m[K’ to ‘[01m[Kstd::ptrdiff_t {aka long int}[m[K’
In file included from [01m[K/usr/include/boost/config/no_tr1/complex.hpp:21:0[m[K,
                 from [01m[K/usr/include/boost/math/policies/error_handling.hpp:17[m[K,
                 from [01m[K/usr/include/boost/math/special_functions/round.hpp:14[m[K,
                 from [01m[K/opt/ros/melodic/include/ros/time.h:58[m[K,
                 from [01m[K/opt/ros/melodic/include/ros/ros.h:38[m[K,
                 from [01m[K/home/amov/catkin_ws/src/mission_offboard/src/mission_offboard.cpp:429[m[K:
[01m[K/usr/include/c++/7/complex:445:5:[m[K [01;36m[Knote: [m[Kcandidate: template<class _Tp> std::complex<_Tp> std::operator+(const std::complex<_Tp>&)
     [01;36m[Koperator[m[K+(const complex<_Tp>& __x)
     [01;36m[K^~~~~~~~[m[K
[01m[K/usr/include/c++/7/complex:445:5:[m[K [01;36m[Knote: [m[K  template argument deduction/substitution failed:
[01m[K/home/amov/catkin_ws/src/mission_offboard/src/mission_offboard.cpp:703:37:[m[K [01;36m[Knote: [m[K  ‘[01m[Kgeometry_msgs::PoseStamped {aka geometry_msgs::PoseStamped_<std::allocator<void> >}[m[K’ is not derived from ‘[01m[Kconst std::complex<_Tp>[m[K’
       target_pos_pub.publish(pose + [01;36m[Kdelt_z[m[K);
                                     [01;36m[K^~~~~~[m[K
In file included from [01m[K/usr/include/boost/config/no_tr1/complex.hpp:21:0[m[K,
                 from [01m[K/usr/include/boost/math/policies/error_handling.hpp:17[m[K,
                 from [01m[K/usr/include/boost/math/special_functions/round.hpp:14[m[K,
                 from [01m[K/opt/ros/melodic/include/ros/time.h:58[m[K,
                 from [01m[K/opt/ros/melodic/include/ros/ros.h:38[m[K,
                 from [01m[K/home/amov/catkin_ws/src/mission_offboard/src/mission_offboard.cpp:429[m[K:
[01m[K/usr/include/c++/7/complex:344:5:[m[K [01;36m[Knote: [m[Kcandidate: template<class _Tp> std::complex<_Tp> std::operator+(const _Tp&, const std::complex<_Tp>&)
     [01;36m[Koperator[m[K+(const _Tp& __x, const complex<_Tp>& __y)
     [01;36m[K^~~~~~~~[m[K
[01m[K/usr/include/c++/7/complex:344:5:[m[K [01;36m[Knote: [m[K  template argument deduction/substitution failed:
[01m[K/home/amov/catkin_ws/src/mission_offboard/src/mission_offboard.cpp:703:37:[m[K [01;36m[Knote: [m[K  mismatched types ‘[01m[Kconst std::complex<_Tp>[m[K’ and ‘[01m[Kint[m[K’
       target_pos_pub.publish(pose + [01;36m[Kdelt_z[m[K);
                                     [01;36m[K^~~~~~[m[K
In file included from [01m[K/usr/include/boost/config/no_tr1/complex.hpp:21:0[m[K,
                 from [01m[K/usr/include/boost/math/policies/error_handling.hpp:17[m[K,
                 from [01m[K/usr/include/boost/math/special_functions/round.hpp:14[m[K,
                 from [01m[K/opt/ros/melodic/include/ros/time.h:58[m[K,
                 from [01m[K/opt/ros/melodic/include/ros/ros.h:38[m[K,
                 from [01m[K/home/amov/catkin_ws/src/mission_offboard/src/mission_offboard.cpp:429[m[K:
[01m[K/usr/include/c++/7/complex:335:5:[m[K [01;36m[Knote: [m[Kcandidate: template<class _Tp> std::complex<_Tp> std::operator+(const std::complex<_Tp>&, const _Tp&)
     [01;36m[Koperator[m[K+(const complex<_Tp>& __x, const _Tp& __y)
     [01;36m[K^~~~~~~~[m[K
[01m[K/usr/include/c++/7/complex:335:5:[m[K [01;36m[Knote: [m[K  template argument deduction/substitution failed:
[01m[K/home/amov/catkin_ws/src/mission_offboard/src/mission_offboard.cpp:703:37:[m[K [01;36m[Knote: [m[K  ‘[01m[Kgeometry_msgs::PoseStamped {aka geometry_msgs::PoseStamped_<std::allocator<void> >}[m[K’ is not derived from ‘[01m[Kconst std::complex<_Tp>[m[K’
       target_pos_pub.publish(pose + [01;36m[Kdelt_z[m[K);
                                     [01;36m[K^~~~~~[m[K
In file included from [01m[K/usr/include/boost/config/no_tr1/complex.hpp:21:0[m[K,
                 from [01m[K/usr/include/boost/math/policies/error_handling.hpp:17[m[K,
                 from [01m[K/usr/include/boost/math/special_functions/round.hpp:14[m[K,
                 from [01m[K/opt/ros/melodic/include/ros/time.h:58[m[K,
                 from [01m[K/opt/ros/melodic/include/ros/ros.h:38[m[K,
                 from [01m[K/home/amov/catkin_ws/src/mission_offboard/src/mission_offboard.cpp:429[m[K:
[01m[K/usr/include/c++/7/complex:326:5:[m[K [01;36m[Knote: [m[Kcandidate: template<class _Tp> std::complex<_Tp> std::operator+(const std::complex<_Tp>&, const std::complex<_Tp>&)
     [01;36m[Koperator[m[K+(const complex<_Tp>& __x, const complex<_Tp>& __y)
     [01;36m[K^~~~~~~~[m[K
[01m[K/usr/include/c++/7/complex:326:5:[m[K [01;36m[Knote: [m[K  template argument deduction/substitution failed:
[01m[K/home/amov/catkin_ws/src/mission_offboard/src/mission_offboard.cpp:703:37:[m[K [01;36m[Knote: [m[K  ‘[01m[Kgeometry_msgs::PoseStamped {aka geometry_msgs::PoseStamped_<std::allocator<void> >}[m[K’ is not derived from ‘[01m[Kconst std::complex<_Tp>[m[K’
       target_pos_pub.publish(pose + [01;36m[Kdelt_z[m[K);
                                     [01;36m[K^~~~~~[m[K
In file included from [01m[K/usr/include/c++/7/string:52:0[m[K,
                 from [01m[K/opt/ros/melodic/include/ros/platform.h:38[m[K,
                 from [01m[K/opt/ros/melodic/include/ros/time.h:53[m[K,
                 from [01m[K/opt/ros/melodic/include/ros/ros.h:38[m[K,
                 from [01m[K/home/amov/catkin_ws/src/mission_offboard/src/mission_offboard.cpp:429[m[K:
[01m[K/usr/include/c++/7/bits/basic_string.h:5995:5:[m[K [01;36m[Knote: [m[Kcandidate: template<class _CharT, class _Traits, class _Alloc> std::__cxx11::basic_string<_CharT, _Traits, _Alloc> std::operator+(std::__cxx11::basic_string<_CharT, _Traits, _Alloc>&&, _CharT)
     [01;36m[Koperator[m[K+(basic_string<_CharT, _Traits, _Alloc>&& __lhs,
     [01;36m[K^~~~~~~~[m[K
[01m[K/usr/include/c++/7/bits/basic_string.h:5995:5:[m[K [01;36m[Knote: [m[K  template argument deduction/substitution failed:
[01m[K/home/amov/catkin_ws/src/mission_offboard/src/mission_offboard.cpp:703:37:[m[K [01;36m[Knote: [m[K  ‘[01m[Kgeometry_msgs::PoseStamped {aka geometry_msgs::PoseStamped_<std::allocator<void> >}[m[K’ is not derived from ‘[01m[Kstd::__cxx11::basic_string<_CharT, _Traits, _Alloc>[m[K’
       target_pos_pub.publish(pose + [01;36m[Kdelt_z[m[K);
                                     [01;36m[K^~~~~~[m[K
In file included from [01m[K/usr/include/c++/7/string:52:0[m[K,
                 from [01m[K/opt/ros/melodic/include/ros/platform.h:38[m[K,
                 from [01m[K/opt/ros/melodic/include/ros/time.h:53[m[K,
                 from [01m[K/opt/ros/melodic/include/ros/ros.h:38[m[K,
                 from [01m[K/home/amov/catkin_ws/src/mission_offboard/src/mission_offboard.cpp:429[m[K:
[01m[K/usr/include/c++/7/bits/basic_string.h:5989:5:[m[K [01;36m[Knote: [m[Kcandidate: template<class _CharT, class _Traits, class _Alloc> std::__cxx11::basic_string<_CharT, _Traits, _Alloc> std::operator+(std::__cxx11::basic_string<_CharT, _Traits, _Alloc>&&, const _CharT*)
     [01;36m[Koperator[m[K+(basic_string<_CharT, _Traits, _Alloc>&& __lhs,
     [01;36m[K^~~~~~~~[m[K
[01m[K/usr/include/c++/7/bits/basic_string.h:5989:5:[m[K [01;36m[Knote: [m[K  template argument deduction/substitution failed:
[01m[K/home/amov/catkin_ws/src/mission_offboard/src/mission_offboard.cpp:703:37:[m[K [01;36m[Knote: [m[K  ‘[01m[Kgeometry_msgs::PoseStamped {aka geometry_msgs::PoseStamped_<std::allocator<void> >}[m[K’ is not derived from ‘[01m[Kstd::__cxx11::basic_string<_CharT, _Traits, _Alloc>[m[K’
       target_pos_pub.publish(pose + [01;36m[Kdelt_z[m[K);
                                     [01;36m[K^~~~~~[m[K
In file included from [01m[K/usr/include/c++/7/string:52:0[m[K,
                 from [01m[K/opt/ros/melodic/include/ros/platform.h:38[m[K,
                 from [01m[K/opt/ros/melodic/include/ros/time.h:53[m[K,
                 from [01m[K/opt/ros/melodic/include/ros/ros.h:38[m[K,
                 from [01m[K/home/amov/catkin_ws/src/mission_offboard/src/mission_offboard.cpp:429[m[K:
[01m[K/usr/include/c++/7/bits/basic_string.h:5983:5:[m[K [01;36m[Knote: [m[Kcandidate: template<class _CharT, class _Traits, class _Alloc> std::__cxx11::basic_string<_CharT, _Traits, _Alloc> std::operator+(_CharT, std::__cxx11::basic_string<_CharT, _Traits, _Alloc>&&)
     [01;36m[Koperator[m[K+(_CharT __lhs,
     [01;36m[K^~~~~~~~[m[K
[01m[K/usr/include/c++/7/bits/basic_string.h:5983:5:[m[K [01;36m[Knote: [m[K  template argument deduction/substitution failed:
[01m[K/home/amov/catkin_ws/src/mission_offboard/src/mission_offboard.cpp:703:37:[m[K [01;36m[Knote: [m[K  mismatched types ‘[01m[Kstd::__cxx11::basic_string<_CharT, _Traits, _Alloc>[m[K’ and ‘[01m[Kint[m[K’
       target_pos_pub.publish(pose + [01;36m[Kdelt_z[m[K);
                                     [01;36m[K^~~~~~[m[K
In file included from [01m[K/usr/include/c++/7/string:52:0[m[K,
                 from [01m[K/opt/ros/melodic/include/ros/platform.h:38[m[K,
                 from [01m[K/opt/ros/melodic/include/ros/time.h:53[m[K,
                 from [01m[K/opt/ros/melodic/include/ros/ros.h:38[m[K,
                 from [01m[K/home/amov/catkin_ws/src/mission_offboard/src/mission_offboard.cpp:429[m[K:
[01m[K/usr/include/c++/7/bits/basic_string.h:5977:5:[m[K [01;36m[Knote: [m[Kcandidate: template<class _CharT, class _Traits, class _Alloc> std::__cxx11::basic_string<_CharT, _Traits, _Alloc> std::operator+(const _CharT*, std::__cxx11::basic_string<_CharT, _Traits, _Alloc>&&)
     [01;36m[Koperator[m[K+(const _CharT* __lhs,
     [01;36m[K^~~~~~~~[m[K
[01m[K/usr/include/c++/7/bits/basic_string.h:5977:5:[m[K [01;36m[Knote: [m[K  template argument deduction/substitution failed:
[01m[K/home/amov/catkin_ws/src/mission_offboard/src/mission_offboard.cpp:703:37:[m[K [01;36m[Knote: [m[K  mismatched types ‘[01m[Kconst _CharT*[m[K’ and ‘[01m[Kgeometry_msgs::PoseStamped_<std::allocator<void> >[m[K’
       target_pos_pub.publish(pose + [01;36m[Kdelt_z[m[K);
                                     [01;36m[K^~~~~~[m[K
In file included from [01m[K/usr/include/c++/7/string:52:0[m[K,
                 from [01m[K/opt/ros/melodic/include/ros/platform.h:38[m[K,
                 from [01m[K/opt/ros/melodic/include/ros/time.h:53[m[K,
                 from [01m[K/opt/ros/melodic/include/ros/ros.h:38[m[K,
                 from [01m[K/home/amov/catkin_ws/src/mission_offboard/src/mission_offboard.cpp:429[m[K:
[01m[K/usr/include/c++/7/bits/basic_string.h:5965:5:[m[K [01;36m[Knote: [m[Kcandidate: template<class _CharT, class _Traits, class _Alloc> std::__cxx11::basic_string<_CharT, _Traits, _Alloc> std::operator+(std::__cxx11::basic_string<_CharT, _Traits, _Alloc>&&, std::__cxx11::basic_string<_CharT, _Traits, _Alloc>&&)
     [01;36m[Koperator[m[K+(basic_string<_CharT, _Traits, _Alloc>&& __lhs,
     [01;36m[K^~~~~~~~[m[K
[01m[K/usr/include/c++/7/bits/basic_string.h:5965:5:[m[K [01;36m[Knote: [m[K  template argument deduction/substitution failed:
[01m[K/home/amov/catkin_ws/src/mission_offboard/src/mission_offboard.cpp:703:37:[m[K [01;36m[Knote: [m[K  ‘[01m[Kgeometry_msgs::PoseStamped {aka geometry_msgs::PoseStamped_<std::allocator<void> >}[m[K’ is not derived from ‘[01m[Kstd::__cxx11::basic_string<_CharT, _Traits, _Alloc>[m[K’
       target_pos_pub.publish(pose + [01;36m[Kdelt_z[m[K);
                                     [01;36m[K^~~~~~[m[K
In file included from [01m[K/usr/include/c++/7/string:52:0[m[K,
                 from [01m[K/opt/ros/melodic/include/ros/platform.h:38[m[K,
                 from [01m[K/opt/ros/melodic/include/ros/time.h:53[m[K,
                 from [01m[K/opt/ros/melodic/include/ros/ros.h:38[m[K,
                 from [01m[K/home/amov/catkin_ws/src/mission_offboard/src/mission_offboard.cpp:429[m[K:
[01m[K/usr/include/c++/7/bits/basic_string.h:5959:5:[m[K [01;36m[Knote: [m[Kcandidate: template<class _CharT, class _Traits, class _Alloc> std::__cxx11::basic_string<_CharT, _Traits, _Alloc> std::operator+(const std::__cxx11::basic_string<_CharT, _Traits, _Alloc>&, std::__cxx11::basic_string<_CharT, _Traits, _Alloc>&&)
     [01;36m[Koperator[m[K+(const basic_string<_CharT, _Traits, _Alloc>& __lhs,
     [01;36m[K^~~~~~~~[m[K
[01m[K/usr/include/c++/7/bits/basic_string.h:5959:5:[m[K [01;36m[Knote: [m[K  template argument deduction/substitution failed:
[01m[K/home/amov/catkin_ws/src/mission_offboard/src/mission_offboard.cpp:703:37:[m[K [01;36m[Knote: [m[K  ‘[01m[Kgeometry_msgs::PoseStamped {aka geometry_msgs::PoseStamped_<std::allocator<void> >}[m[K’ is not derived from ‘[01m[Kconst std::__cxx11::basic_string<_CharT, _Traits, _Alloc>[m[K’
       target_pos_pub.publish(pose + [01;36m[Kdelt_z[m[K);
                                     [01;36m[K^~~~~~[m[K
In file included from [01m[K/usr/include/c++/7/string:52:0[m[K,
                 from [01m[K/opt/ros/melodic/include/ros/platform.h:38[m[K,
                 from [01m[K/opt/ros/melodic/include/ros/time.h:53[m[K,
                 from [01m[K/opt/ros/melodic/include/ros/ros.h:38[m[K,
                 from [01m[K/home/amov/catkin_ws/src/mission_offboard/src/mission_offboard.cpp:429[m[K:
[01m[K/usr/include/c++/7/bits/basic_string.h:5953:5:[m[K [01;36m[Knote: [m[Kcandidate: template<class _CharT, class _Traits, class _Alloc> std::__cxx11::basic_string<_CharT, _Traits, _Alloc> std::operator+(std::__cxx11::basic_string<_CharT, _Traits, _Alloc>&&, const std::__cxx11::basic_string<_CharT, _Traits, _Alloc>&)
     [01;36m[Koperator[m[K+(basic_string<_CharT, _Traits, _Alloc>&& __lhs,
     [01;36m[K^~~~~~~~[m[K
[01m[K/usr/include/c++/7/bits/basic_string.h:5953:5:[m[K [01;36m[Knote: [m[K  template argument deduction/substitution failed:
[01m[K/home/amov/catkin_ws/src/mission_offboard/src/mission_offboard.cpp:703:37:[m[K [01;36m[Knote: [m[K  ‘[01m[Kgeometry_msgs::PoseStamped {aka geometry_msgs::PoseStamped_<std::allocator<void> >}[m[K’ is not derived from ‘[01m[Kstd::__cxx11::basic_string<_CharT, _Traits, _Alloc>[m[K’
       target_pos_pub.publish(pose + [01;36m[Kdelt_z[m[K);
                                     [01;36m[K^~~~~~[m[K
In file included from [01m[K/usr/include/c++/7/string:52:0[m[K,
                 from [01m[K/opt/ros/melodic/include/ros/platform.h:38[m[K,
                 from [01m[K/opt/ros/melodic/include/ros/time.h:53[m[K,
                 from [01m[K/opt/ros/melodic/include/ros/ros.h:38[m[K,
                 from [01m[K/home/amov/catkin_ws/src/mission_offboard/src/mission_offboard.cpp:429[m[K:
[01m[K/usr/include/c++/7/bits/basic_string.h:5941:5:[m[K [01;36m[Knote: [m[Kcandidate: template<class _CharT, class _Traits, class _Alloc> std::__cxx11::basic_string<_CharT, _Traits, _Alloc> std::operator+(const std::__cxx11::basic_string<_CharT, _Traits, _Alloc>&, _CharT)
     [01;36m[Koperator[m[K+(const basic_string<_CharT, _Traits, _Alloc>& __lhs, _CharT __rhs)
     [01;36m[K^~~~~~~~[m[K
[01m[K/usr/include/c++/7/bits/basic_string.h:5941:5:[m[K [01;36m[Knote: [m[K  template argument deduction/substitution failed:
[01m[K/home/amov/catkin_ws/src/mission_offboard/src/mission_offboard.cpp:703:37:[m[K [01;36m[Knote: [m[K  ‘[01m[Kgeometry_msgs::PoseStamped {aka geometry_msgs::PoseStamped_<std::allocator<void> >}[m[K’ is not derived from ‘[01m[Kconst std::__cxx11::basic_string<_CharT, _Traits, _Alloc>[m[K’
       target_pos_pub.publish(pose + [01;36m[Kdelt_z[m[K);
                                     [01;36m[K^~~~~~[m[K
In file included from [01m[K/usr/include/c++/7/string:52:0[m[K,
                 from [01m[K/opt/ros/melodic/include/ros/platform.h:38[m[K,
                 from [01m[K/opt/ros/melodic/include/ros/time.h:53[m[K,
                 from [01m[K/opt/ros/melodic/include/ros/ros.h:38[m[K,
                 from [01m[K/home/amov/catkin_ws/src/mission_offboard/src/mission_offboard.cpp:429[m[K:
[01m[K/usr/include/c++/7/bits/basic_string.h:5925:5:[m[K [01;36m[Knote: [m[Kcandidate: template<class _CharT, class _Traits, class _Alloc> std::__cxx11::basic_string<_CharT, _Traits, _Alloc> std::operator+(const std::__cxx11::basic_string<_CharT, _Traits, _Alloc>&, const _CharT*)
     [01;36m[Koperator[m[K+(const basic_string<_CharT, _Traits, _Alloc>& __lhs,
     [01;36m[K^~~~~~~~[m[K
[01m[K/usr/include/c++/7/bits/basic_string.h:5925:5:[m[K [01;36m[Knote: [m[K  template argument deduction/substitution failed:
[01m[K/home/amov/catkin_ws/src/mission_offboard/src/mission_offboard.cpp:703:37:[m[K [01;36m[Knote: [m[K  ‘[01m[Kgeometry_msgs::PoseStamped {aka geometry_msgs::PoseStamped_<std::allocator<void> >}[m[K’ is not derived from ‘[01m[Kconst std::__cxx11::basic_string<_CharT, _Traits, _Alloc>[m[K’
       target_pos_pub.publish(pose + [01;36m[Kdelt_z[m[K);
                                     [01;36m[K^~~~~~[m[K
In file included from [01m[K/usr/include/c++/7/string:53:0[m[K,
                 from [01m[K/opt/ros/melodic/include/ros/platform.h:38[m[K,
                 from [01m[K/opt/ros/melodic/include/ros/time.h:53[m[K,
                 from [01m[K/opt/ros/melodic/include/ros/ros.h:38[m[K,
                 from [01m[K/home/amov/catkin_ws/src/mission_offboard/src/mission_offboard.cpp:429[m[K:
[01m[K/usr/include/c++/7/bits/basic_string.tcc:1173:5:[m[K [01;36m[Knote: [m[Kcandidate: template<class _CharT, class _Traits, class _Alloc> std::__cxx11::basic_string<_CharT, _Traits, _Alloc> std::operator+(_CharT, const std::__cxx11::basic_string<_CharT, _Traits, _Alloc>&)
     [01;36m[Koperator[m[K+(_CharT __lhs, const basic_string<_CharT, _Traits, _Alloc>& __rhs)
     [01;36m[K^~~~~~~~[m[K
[01m[K/usr/include/c++/7/bits/basic_string.tcc:1173:5:[m[K [01;36m[Knote: [m[K  template argument deduction/substitution failed:
[01m[K/home/amov/catkin_ws/src/mission_offboard/src/mission_offboard.cpp:703:37:[m[K [01;36m[Knote: [m[K  mismatched types ‘[01m[Kconst std::__cxx11::basic_string<_CharT, _Traits, _Alloc>[m[K’ and ‘[01m[Kint[m[K’
       target_pos_pub.publish(pose + [01;36m[Kdelt_z[m[K);
                                     [01;36m[K^~~~~~[m[K
In file included from [01m[K/usr/include/c++/7/string:53:0[m[K,
                 from [01m[K/opt/ros/melodic/include/ros/platform.h:38[m[K,
                 from [01m[K/opt/ros/melodic/include/ros/time.h:53[m[K,
                 from [01m[K/opt/ros/melodic/include/ros/ros.h:38[m[K,
                 from [01m[K/home/amov/catkin_ws/src/mission_offboard/src/mission_offboard.cpp:429[m[K:
[01m[K/usr/include/c++/7/bits/basic_string.tcc:1157:5:[m[K [01;36m[Knote: [m[Kcandidate: template<class _CharT, class _Traits, class _Alloc> std::__cxx11::basic_string<_CharT, _Traits, _Alloc> std::operator+(const _CharT*, const std::__cxx11::basic_string<_CharT, _Traits, _Alloc>&)
     [01;36m[Koperator[m[K+(const _CharT* __lhs,
     [01;36m[K^~~~~~~~[m[K
[01m[K/usr/include/c++/7/bits/basic_string.tcc:1157:5:[m[K [01;36m[Knote: [m[K  template argument deduction/substitution failed:
[01m[K/home/amov/catkin_ws/src/mission_offboard/src/mission_offboard.cpp:703:37:[m[K [01;36m[Knote: [m[K  mismatched types ‘[01m[Kconst _CharT*[m[K’ and ‘[01m[Kgeometry_msgs::PoseStamped_<std::allocator<void> >[m[K’
       target_pos_pub.publish(pose + [01;36m[Kdelt_z[m[K);
                                     [01;36m[K^~~~~~[m[K
In file included from [01m[K/usr/include/c++/7/string:52:0[m[K,
                 from [01m[K/opt/ros/melodic/include/ros/platform.h:38[m[K,
                 from [01m[K/opt/ros/melodic/include/ros/time.h:53[m[K,
                 from [01m[K/opt/ros/melodic/include/ros/ros.h:38[m[K,
                 from [01m[K/home/amov/catkin_ws/src/mission_offboard/src/mission_offboard.cpp:429[m[K:
[01m[K/usr/include/c++/7/bits/basic_string.h:5888:5:[m[K [01;36m[Knote: [m[Kcandidate: template<class _CharT, class _Traits, class _Alloc> std::__cxx11::basic_string<_CharT, _Traits, _Alloc> std::operator+(const std::__cxx11::basic_string<_CharT, _Traits, _Alloc>&, const std::__cxx11::basic_string<_CharT, _Traits, _Alloc>&)
     [01;36m[Koperator[m[K+(const basic_string<_CharT, _Traits, _Alloc>& __lhs,
     [01;36m[K^~~~~~~~[m[K
[01m[K/usr/include/c++/7/bits/basic_string.h:5888:5:[m[K [01;36m[Knote: [m[K  template argument deduction/substitution failed:
[01m[K/home/amov/catkin_ws/src/mission_offboard/src/mission_offboard.cpp:703:37:[m[K [01;36m[Knote: [m[K  ‘[01m[Kgeometry_msgs::PoseStamped {aka geometry_msgs::PoseStamped_<std::allocator<void> >}[m[K’ is not derived from ‘[01m[Kconst std::__cxx11::basic_string<_CharT, _Traits, _Alloc>[m[K’
       target_pos_pub.publish(pose + [01;36m[Kdelt_z[m[K);
                                     [01;36m[K^~~~~~[m[K
In file included from [01m[K/usr/include/c++/7/bits/stl_algobase.h:67:0[m[K,
                 from [01m[K/usr/include/c++/7/bits/char_traits.h:39[m[K,
                 from [01m[K/usr/include/c++/7/string:40[m[K,
                 from [01m[K/opt/ros/melodic/include/ros/platform.h:38[m[K,
                 from [01m[K/opt/ros/melodic/include/ros/time.h:53[m[K,
                 from [01m[K/opt/ros/melodic/include/ros/ros.h:38[m[K,
                 from [01m[K/home/amov/catkin_ws/src/mission_offboard/src/mission_offboard.cpp:429[m[K:
[01m[K/usr/include/c++/7/bits/stl_iterator.h:1201:5:[m[K [01;36m[Knote: [m[Kcandidate: template<class _Iterator> std::move_iterator<_IteratorL> std::operator+(typename std::move_iterator<_IteratorL>::difference_type, const std::move_iterator<_IteratorL>&)
     [01;36m[Koperator[m[K+(typename move_iterator<_Iterator>::difference_type __n,
     [01;36m[K^~~~~~~~[m[K
[01m[K/usr/include/c++/7/bits/stl_iterator.h:1201:5:[m[K [01;36m[Knote: [m[K  template argument deduction/substitution failed:
[01m[K/home/amov/catkin_ws/src/mission_offboard/src/mission_offboard.cpp:703:37:[m[K [01;36m[Knote: [m[K  mismatched types ‘[01m[Kconst std::move_iterator<_IteratorL>[m[K’ and ‘[01m[Kint[m[K’
       target_pos_pub.publish(pose + [01;36m[Kdelt_z[m[K);
                                     [01;36m[K^~~~~~[m[K
In file included from [01m[K/usr/include/c++/7/bits/stl_algobase.h:67:0[m[K,
                 from [01m[K/usr/include/c++/7/bits/char_traits.h:39[m[K,
                 from [01m[K/usr/include/c++/7/string:40[m[K,
                 from [01m[K/opt/ros/melodic/include/ros/platform.h:38[m[K,
                 from [01m[K/opt/ros/melodic/include/ros/time.h:53[m[K,
                 from [01m[K/opt/ros/melodic/include/ros/ros.h:38[m[K,
                 from [01m[K/home/amov/catkin_ws/src/mission_offboard/src/mission_offboard.cpp:429[m[K:
[01m[K/usr/include/c++/7/bits/stl_iterator.h:400:5:[m[K [01;36m[Knote: [m[Kcandidate: template<class _Iterator> std::reverse_iterator<_Iterator> std::operator+(typename std::reverse_iterator<_Iterator>::difference_type, const std::reverse_iterator<_Iterator>&)
     [01;36m[Koperator[m[K+(typename reverse_iterator<_Iterator>::difference_type __n,
     [01;36m[K^~~~~~~~[m[K
[01m[K/usr/include/c++/7/bits/stl_iterator.h:400:5:[m[K [01;36m[Knote: [m[K  template argument deduction/substitution failed:
[01m[K/home/amov/catkin_ws/src/mission_offboard/src/mission_offboard.cpp:703:37:[m[K [01;36m[Knote: [m[K  mismatched types ‘[01m[Kconst std::reverse_iterator<_Iterator>[m[K’ and ‘[01m[Kint[m[K’
       target_pos_pub.publish(pose + [01;36m[Kdelt_z[m[K);
                                     [01;36m[K^~~~~~[m[K
[01m[K/home/amov/catkin_ws/src/mission_offboard/src/mission_offboard.cpp:725:36:[m[K [01;31m[Kerror: [m[Kno match for ‘[01m[Koperator+[m[K’ (operand types are ‘[01m[Kgeometry_msgs::PoseStamped {aka geometry_msgs::PoseStamped_<std::allocator<void> >}[m[K’ and ‘[01m[Kint[m[K’)
        target_pos_pub.publish([01;31m[Kpose + delt_z[m[K);
                               [01;31m[K~~~~~^~~~~~~~[m[K
In file included from [01m[K/usr/include/c++/7/vector:65:0[m[K,
                 from [01m[K/usr/include/boost/math/special_functions/math_fwd.hpp:26[m[K,
                 from [01m[K/usr/include/boost/math/special_functions/round.hpp:15[m[K,
                 from [01m[K/opt/ros/melodic/include/ros/time.h:58[m[K,
                 from [01m[K/opt/ros/melodic/include/ros/ros.h:38[m[K,
                 from [01m[K/home/amov/catkin_ws/src/mission_offboard/src/mission_offboard.cpp:429[m[K:
[01m[K/usr/include/c++/7/bits/stl_bvector.h:387:3:[m[K [01;36m[Knote: [m[Kcandidate: std::_Bit_const_iterator std::operator+(std::ptrdiff_t, const std::_Bit_const_iterator&)
   [01;36m[Koperator[m[K+(ptrdiff_t __n, const _Bit_const_iterator& __x)
   [01;36m[K^~~~~~~~[m[K
[01m[K/usr/include/c++/7/bits/stl_bvector.h:387:3:[m[K [01;36m[Knote: [m[K  no known conversion for argument 1 from ‘[01m[Kgeometry_msgs::PoseStamped {aka geometry_msgs::PoseStamped_<std::allocator<void> >}[m[K’ to ‘[01m[Kstd::ptrdiff_t {aka long int}[m[K’
[01m[K/usr/include/c++/7/bits/stl_bvector.h:297:3:[m[K [01;36m[Knote: [m[Kcandidate: std::_Bit_iterator std::operator+(std::ptrdiff_t, const std::_Bit_iterator&)
   [01;36m[Koperator[m[K+(ptrdiff_t __n, const _Bit_iterator& __x)
   [01;36m[K^~~~~~~~[m[K
[01m[K/usr/include/c++/7/bits/stl_bvector.h:297:3:[m[K [01;36m[Knote: [m[K  no known conversion for argument 1 from ‘[01m[Kgeometry_msgs::PoseStamped {aka geometry_msgs::PoseStamped_<std::allocator<void> >}[m[K’ to ‘[01m[Kstd::ptrdiff_t {aka long int}[m[K’
In file included from [01m[K/usr/include/boost/config/no_tr1/complex.hpp:21:0[m[K,
                 from [01m[K/usr/include/boost/math/policies/error_handling.hpp:17[m[K,
                 from [01m[K/usr/include/boost/math/special_functions/round.hpp:14[m[K,
                 from [01m[K/opt/ros/melodic/include/ros/time.h:58[m[K,
                 from [01m[K/opt/ros/melodic/include/ros/ros.h:38[m[K,
                 from [01m[K/home/amov/catkin_ws/src/mission_offboard/src/mission_offboard.cpp:429[m[K:
[01m[K/usr/include/c++/7/complex:445:5:[m[K [01;36m[Knote: [m[Kcandidate: template<class _Tp> std::complex<_Tp> std::operator+(const std::complex<_Tp>&)
     [01;36m[Koperator[m[K+(const complex<_Tp>& __x)
     [01;36m[K^~~~~~~~[m[K
[01m[K/usr/include/c++/7/complex:445:5:[m[K [01;36m[Knote: [m[K  template argument deduction/substitution failed:
[01m[K/home/amov/catkin_ws/src/mission_offboard/src/mission_offboard.cpp:725:38:[m[K [01;36m[Knote: [m[K  ‘[01m[Kgeometry_msgs::PoseStamped {aka geometry_msgs::PoseStamped_<std::allocator<void> >}[m[K’ is not derived from ‘[01m[Kconst std::complex<_Tp>[m[K’
        target_pos_pub.publish(pose + [01;36m[Kdelt_z[m[K);
                                      [01;36m[K^~~~~~[m[K
In file included from [01m[K/usr/include/boost/config/no_tr1/complex.hpp:21:0[m[K,
                 from [01m[K/usr/include/boost/math/policies/error_handling.hpp:17[m[K,
                 from [01m[K/usr/include/boost/math/special_functions/round.hpp:14[m[K,
                 from [01m[K/opt/ros/melodic/include/ros/time.h:58[m[K,
                 from [01m[K/opt/ros/melodic/include/ros/ros.h:38[m[K,
                 from [01m[K/home/amov/catkin_ws/src/mission_offboard/src/mission_offboard.cpp:429[m[K:
[01m[K/usr/include/c++/7/complex:344:5:[m[K [01;36m[Knote: [m[Kcandidate: template<class _Tp> std::complex<_Tp> std::operator+(const _Tp&, const std::complex<_Tp>&)
     [01;36m[Koperator[m[K+(const _Tp& __x, const complex<_Tp>& __y)
     [01;36m[K^~~~~~~~[m[K
[01m[K/usr/include/c++/7/complex:344:5:[m[K [01;36m[Knote: [m[K  template argument deduction/substitution failed:
[01m[K/home/amov/catkin_ws/src/mission_offboard/src/mission_offboard.cpp:725:38:[m[K [01;36m[Knote: [m[K  mismatched types ‘[01m[Kconst std::complex<_Tp>[m[K’ and ‘[01m[Kint[m[K’
        target_pos_pub.publish(pose + [01;36m[Kdelt_z[m[K);
                                      [01;36m[K^~~~~~[m[K
In file included from [01m[K/usr/include/boost/config/no_tr1/complex.hpp:21:0[m[K,
                 from [01m[K/usr/include/boost/math/policies/error_handling.hpp:17[m[K,
                 from [01m[K/usr/include/boost/math/special_functions/round.hpp:14[m[K,
                 from [01m[K/opt/ros/melodic/include/ros/time.h:58[m[K,
                 from [01m[K/opt/ros/melodic/include/ros/ros.h:38[m[K,
                 from [01m[K/home/amov/catkin_ws/src/mission_offboard/src/mission_offboard.cpp:429[m[K:
[01m[K/usr/include/c++/7/complex:335:5:[m[K [01;36m[Knote: [m[Kcandidate: template<class _Tp> std::complex<_Tp> std::operator+(const std::complex<_Tp>&, const _Tp&)
     [01;36m[Koperator[m[K+(const complex<_Tp>& __x, const _Tp& __y)
     [01;36m[K^~~~~~~~[m[K
[01m[K/usr/include/c++/7/complex:335:5:[m[K [01;36m[Knote: [m[K  template argument deduction/substitution failed:
[01m[K/home/amov/catkin_ws/src/mission_offboard/src/mission_offboard.cpp:725:38:[m[K [01;36m[Knote: [m[K  ‘[01m[Kgeometry_msgs::PoseStamped {aka geometry_msgs::PoseStamped_<std::allocator<void> >}[m[K’ is not derived from ‘[01m[Kconst std::complex<_Tp>[m[K’
        target_pos_pub.publish(pose + [01;36m[Kdelt_z[m[K);
                                      [01;36m[K^~~~~~[m[K
In file included from [01m[K/usr/include/boost/config/no_tr1/complex.hpp:21:0[m[K,
                 from [01m[K/usr/include/boost/math/policies/error_handling.hpp:17[m[K,
                 from [01m[K/usr/include/boost/math/special_functions/round.hpp:14[m[K,
                 from [01m[K/opt/ros/melodic/include/ros/time.h:58[m[K,
                 from [01m[K/opt/ros/melodic/include/ros/ros.h:38[m[K,
                 from [01m[K/home/amov/catkin_ws/src/mission_offboard/src/mission_offboard.cpp:429[m[K:
[01m[K/usr/include/c++/7/complex:326:5:[m[K [01;36m[Knote: [m[Kcandidate: template<class _Tp> std::complex<_Tp> std::operator+(const std::complex<_Tp>&, const std::complex<_Tp>&)
     [01;36m[Koperator[m[K+(const complex<_Tp>& __x, const complex<_Tp>& __y)
     [01;36m[K^~~~~~~~[m[K
[01m[K/usr/include/c++/7/complex:326:5:[m[K [01;36m[Knote: [m[K  template argument deduction/substitution failed:
[01m[K/home/amov/catkin_ws/src/mission_offboard/src/mission_offboard.cpp:725:38:[m[K [01;36m[Knote: [m[K  ‘[01m[Kgeometry_msgs::PoseStamped {aka geometry_msgs::PoseStamped_<std::allocator<void> >}[m[K’ is not derived from ‘[01m[Kconst std::complex<_Tp>[m[K’
        target_pos_pub.publish(pose + [01;36m[Kdelt_z[m[K);
                                      [01;36m[K^~~~~~[m[K
In file included from [01m[K/usr/include/c++/7/string:52:0[m[K,
                 from [01m[K/opt/ros/melodic/include/ros/platform.h:38[m[K,
                 from [01m[K/opt/ros/melodic/include/ros/time.h:53[m[K,
                 from [01m[K/opt/ros/melodic/include/ros/ros.h:38[m[K,
                 from [01m[K/home/amov/catkin_ws/src/mission_offboard/src/mission_offboard.cpp:429[m[K:
[01m[K/usr/include/c++/7/bits/basic_string.h:5995:5:[m[K [01;36m[Knote: [m[Kcandidate: template<class _CharT, class _Traits, class _Alloc> std::__cxx11::basic_string<_CharT, _Traits, _Alloc> std::operator+(std::__cxx11::basic_string<_CharT, _Traits, _Alloc>&&, _CharT)
     [01;36m[Koperator[m[K+(basic_string<_CharT, _Traits, _Alloc>&& __lhs,
     [01;36m[K^~~~~~~~[m[K
[01m[K/usr/include/c++/7/bits/basic_string.h:5995:5:[m[K [01;36m[Knote: [m[K  template argument deduction/substitution failed:
[01m[K/home/amov/catkin_ws/src/mission_offboard/src/mission_offboard.cpp:725:38:[m[K [01;36m[Knote: [m[K  ‘[01m[Kgeometry_msgs::PoseStamped {aka geometry_msgs::PoseStamped_<std::allocator<void> >}[m[K’ is not derived from ‘[01m[Kstd::__cxx11::basic_string<_CharT, _Traits, _Alloc>[m[K’
        target_pos_pub.publish(pose + [01;36m[Kdelt_z[m[K);
                                      [01;36m[K^~~~~~[m[K
In file included from [01m[K/usr/include/c++/7/string:52:0[m[K,
                 from [01m[K/opt/ros/melodic/include/ros/platform.h:38[m[K,
                 from [01m[K/opt/ros/melodic/include/ros/time.h:53[m[K,
                 from [01m[K/opt/ros/melodic/include/ros/ros.h:38[m[K,
                 from [01m[K/home/amov/catkin_ws/src/mission_offboard/src/mission_offboard.cpp:429[m[K:
[01m[K/usr/include/c++/7/bits/basic_string.h:5989:5:[m[K [01;36m[Knote: [m[Kcandidate: template<class _CharT, class _Traits, class _Alloc> std::__cxx11::basic_string<_CharT, _Traits, _Alloc> std::operator+(std::__cxx11::basic_string<_CharT, _Traits, _Alloc>&&, const _CharT*)
     [01;36m[Koperator[m[K+(basic_string<_CharT, _Traits, _Alloc>&& __lhs,
     [01;36m[K^~~~~~~~[m[K
[01m[K/usr/include/c++/7/bits/basic_string.h:5989:5:[m[K [01;36m[Knote: [m[K  template argument deduction/substitution failed:
[01m[K/home/amov/catkin_ws/src/mission_offboard/src/mission_offboard.cpp:725:38:[m[K [01;36m[Knote: [m[K  ‘[01m[Kgeometry_msgs::PoseStamped {aka geometry_msgs::PoseStamped_<std::allocator<void> >}[m[K’ is not derived from ‘[01m[Kstd::__cxx11::basic_string<_CharT, _Traits, _Alloc>[m[K’
        target_pos_pub.publish(pose + [01;36m[Kdelt_z[m[K);
                                      [01;36m[K^~~~~~[m[K
In file included from [01m[K/usr/include/c++/7/string:52:0[m[K,
                 from [01m[K/opt/ros/melodic/include/ros/platform.h:38[m[K,
                 from [01m[K/opt/ros/melodic/include/ros/time.h:53[m[K,
                 from [01m[K/opt/ros/melodic/include/ros/ros.h:38[m[K,
                 from [01m[K/home/amov/catkin_ws/src/mission_offboard/src/mission_offboard.cpp:429[m[K:
[01m[K/usr/include/c++/7/bits/basic_string.h:5983:5:[m[K [01;36m[Knote: [m[Kcandidate: template<class _CharT, class _Traits, class _Alloc> std::__cxx11::basic_string<_CharT, _Traits, _Alloc> std::operator+(_CharT, std::__cxx11::basic_string<_CharT, _Traits, _Alloc>&&)
     [01;36m[Koperator[m[K+(_CharT __lhs,
     [01;36m[K^~~~~~~~[m[K
[01m[K/usr/include/c++/7/bits/basic_string.h:5983:5:[m[K [01;36m[Knote: [m[K  template argument deduction/substitution failed:
[01m[K/home/amov/catkin_ws/src/mission_offboard/src/mission_offboard.cpp:725:38:[m[K [01;36m[Knote: [m[K  mismatched types ‘[01m[Kstd::__cxx11::basic_string<_CharT, _Traits, _Alloc>[m[K’ and ‘[01m[Kint[m[K’
        target_pos_pub.publish(pose + [01;36m[Kdelt_z[m[K);
                                      [01;36m[K^~~~~~[m[K
In file included from [01m[K/usr/include/c++/7/string:52:0[m[K,
                 from [01m[K/opt/ros/melodic/include/ros/platform.h:38[m[K,
                 from [01m[K/opt/ros/melodic/include/ros/time.h:53[m[K,
                 from [01m[K/opt/ros/melodic/include/ros/ros.h:38[m[K,
                 from [01m[K/home/amov/catkin_ws/src/mission_offboard/src/mission_offboard.cpp:429[m[K:
[01m[K/usr/include/c++/7/bits/basic_string.h:5977:5:[m[K [01;36m[Knote: [m[Kcandidate: template<class _CharT, class _Traits, class _Alloc> std::__cxx11::basic_string<_CharT, _Traits, _Alloc> std::operator+(const _CharT*, std::__cxx11::basic_string<_CharT, _Traits, _Alloc>&&)
     [01;36m[Koperator[m[K+(const _CharT* __lhs,
     [01;36m[K^~~~~~~~[m[K
[01m[K/usr/include/c++/7/bits/basic_string.h:5977:5:[m[K [01;36m[Knote: [m[K  template argument deduction/substitution failed:
[01m[K/home/amov/catkin_ws/src/mission_offboard/src/mission_offboard.cpp:725:38:[m[K [01;36m[Knote: [m[K  mismatched types ‘[01m[Kconst _CharT*[m[K’ and ‘[01m[Kgeometry_msgs::PoseStamped_<std::allocator<void> >[m[K’
        target_pos_pub.publish(pose + [01;36m[Kdelt_z[m[K);
                                      [01;36m[K^~~~~~[m[K
In file included from [01m[K/usr/include/c++/7/string:52:0[m[K,
                 from [01m[K/opt/ros/melodic/include/ros/platform.h:38[m[K,
                 from [01m[K/opt/ros/melodic/include/ros/time.h:53[m[K,
                 from [01m[K/opt/ros/melodic/include/ros/ros.h:38[m[K,
                 from [01m[K/home/amov/catkin_ws/src/mission_offboard/src/mission_offboard.cpp:429[m[K:
[01m[K/usr/include/c++/7/bits/basic_string.h:5965:5:[m[K [01;36m[Knote: [m[Kcandidate: template<class _CharT, class _Traits, class _Alloc> std::__cxx11::basic_string<_CharT, _Traits, _Alloc> std::operator+(std::__cxx11::basic_string<_CharT, _Traits, _Alloc>&&, std::__cxx11::basic_string<_CharT, _Traits, _Alloc>&&)
     [01;36m[Koperator[m[K+(basic_string<_CharT, _Traits, _Alloc>&& __lhs,
     [01;36m[K^~~~~~~~[m[K
[01m[K/usr/include/c++/7/bits/basic_string.h:5965:5:[m[K [01;36m[Knote: [m[K  template argument deduction/substitution failed:
[01m[K/home/amov/catkin_ws/src/mission_offboard/src/mission_offboard.cpp:725:38:[m[K [01;36m[Knote: [m[K  ‘[01m[Kgeometry_msgs::PoseStamped {aka geometry_msgs::PoseStamped_<std::allocator<void> >}[m[K’ is not derived from ‘[01m[Kstd::__cxx11::basic_string<_CharT, _Traits, _Alloc>[m[K’
        target_pos_pub.publish(pose + [01;36m[Kdelt_z[m[K);
                                      [01;36m[K^~~~~~[m[K
In file included from [01m[K/usr/include/c++/7/string:52:0[m[K,
                 from [01m[K/opt/ros/melodic/include/ros/platform.h:38[m[K,
                 from [01m[K/opt/ros/melodic/include/ros/time.h:53[m[K,
                 from [01m[K/opt/ros/melodic/include/ros/ros.h:38[m[K,
                 from [01m[K/home/amov/catkin_ws/src/mission_offboard/src/mission_offboard.cpp:429[m[K:
[01m[K/usr/include/c++/7/bits/basic_string.h:5959:5:[m[K [01;36m[Knote: [m[Kcandidate: template<class _CharT, class _Traits, class _Alloc> std::__cxx11::basic_string<_CharT, _Traits, _Alloc> std::operator+(const std::__cxx11::basic_string<_CharT, _Traits, _Alloc>&, std::__cxx11::basic_string<_CharT, _Traits, _Alloc>&&)
     [01;36m[Koperator[m[K+(const basic_string<_CharT, _Traits, _Alloc>& __lhs,
     [01;36m[K^~~~~~~~[m[K
[01m[K/usr/include/c++/7/bits/basic_string.h:5959:5:[m[K [01;36m[Knote: [m[K  template argument deduction/substitution failed:
[01m[K/home/amov/catkin_ws/src/mission_offboard/src/mission_offboard.cpp:725:38:[m[K [01;36m[Knote: [m[K  ‘[01m[Kgeometry_msgs::PoseStamped {aka geometry_msgs::PoseStamped_<std::allocator<void> >}[m[K’ is not derived from ‘[01m[Kconst std::__cxx11::basic_string<_CharT, _Traits, _Alloc>[m[K’
        target_pos_pub.publish(pose + [01;36m[Kdelt_z[m[K);
                                      [01;36m[K^~~~~~[m[K
In file included from [01m[K/usr/include/c++/7/string:52:0[m[K,
                 from [01m[K/opt/ros/melodic/include/ros/platform.h:38[m[K,
                 from [01m[K/opt/ros/melodic/include/ros/time.h:53[m[K,
                 from [01m[K/opt/ros/melodic/include/ros/ros.h:38[m[K,
                 from [01m[K/home/amov/catkin_ws/src/mission_offboard/src/mission_offboard.cpp:429[m[K:
[01m[K/usr/include/c++/7/bits/basic_string.h:5953:5:[m[K [01;36m[Knote: [m[Kcandidate: template<class _CharT, class _Traits, class _Alloc> std::__cxx11::basic_string<_CharT, _Traits, _Alloc> std::operator+(std::__cxx11::basic_string<_CharT, _Traits, _Alloc>&&, const std::__cxx11::basic_string<_CharT, _Traits, _Alloc>&)
     [01;36m[Koperator[m[K+(basic_string<_CharT, _Traits, _Alloc>&& __lhs,
     [01;36m[K^~~~~~~~[m[K
[01m[K/usr/include/c++/7/bits/basic_string.h:5953:5:[m[K [01;36m[Knote: [m[K  template argument deduction/substitution failed:
[01m[K/home/amov/catkin_ws/src/mission_offboard/src/mission_offboard.cpp:725:38:[m[K [01;36m[Knote: [m[K  ‘[01m[Kgeometry_msgs::PoseStamped {aka geometry_msgs::PoseStamped_<std::allocator<void> >}[m[K’ is not derived from ‘[01m[Kstd::__cxx11::basic_string<_CharT, _Traits, _Alloc>[m[K’
        target_pos_pub.publish(pose + [01;36m[Kdelt_z[m[K);
                                      [01;36m[K^~~~~~[m[K
In file included from [01m[K/usr/include/c++/7/string:52:0[m[K,
                 from [01m[K/opt/ros/melodic/include/ros/platform.h:38[m[K,
                 from [01m[K/opt/ros/melodic/include/ros/time.h:53[m[K,
                 from [01m[K/opt/ros/melodic/include/ros/ros.h:38[m[K,
                 from [01m[K/home/amov/catkin_ws/src/mission_offboard/src/mission_offboard.cpp:429[m[K:
[01m[K/usr/include/c++/7/bits/basic_string.h:5941:5:[m[K [01;36m[Knote: [m[Kcandidate: template<class _CharT, class _Traits, class _Alloc> std::__cxx11::basic_string<_CharT, _Traits, _Alloc> std::operator+(const std::__cxx11::basic_string<_CharT, _Traits, _Alloc>&, _CharT)
     [01;36m[Koperator[m[K+(const basic_string<_CharT, _Traits, _Alloc>& __lhs, _CharT __rhs)
     [01;36m[K^~~~~~~~[m[K
[01m[K/usr/include/c++/7/bits/basic_string.h:5941:5:[m[K [01;36m[Knote: [m[K  template argument deduction/substitution failed:
[01m[K/home/amov/catkin_ws/src/mission_offboard/src/mission_offboard.cpp:725:38:[m[K [01;36m[Knote: [m[K  ‘[01m[Kgeometry_msgs::PoseStamped {aka geometry_msgs::PoseStamped_<std::allocator<void> >}[m[K’ is not derived from ‘[01m[Kconst std::__cxx11::basic_string<_CharT, _Traits, _Alloc>[m[K’
        target_pos_pub.publish(pose + [01;36m[Kdelt_z[m[K);
                                      [01;36m[K^~~~~~[m[K
In file included from [01m[K/usr/include/c++/7/string:52:0[m[K,
                 from [01m[K/opt/ros/melodic/include/ros/platform.h:38[m[K,
                 from [01m[K/opt/ros/melodic/include/ros/time.h:53[m[K,
                 from [01m[K/opt/ros/melodic/include/ros/ros.h:38[m[K,
                 from [01m[K/home/amov/catkin_ws/src/mission_offboard/src/mission_offboard.cpp:429[m[K:
[01m[K/usr/include/c++/7/bits/basic_string.h:5925:5:[m[K [01;36m[Knote: [m[Kcandidate: template<class _CharT, class _Traits, class _Alloc> std::__cxx11::basic_string<_CharT, _Traits, _Alloc> std::operator+(const std::__cxx11::basic_string<_CharT, _Traits, _Alloc>&, const _CharT*)
     [01;36m[Koperator[m[K+(const basic_string<_CharT, _Traits, _Alloc>& __lhs,
     [01;36m[K^~~~~~~~[m[K
[01m[K/usr/include/c++/7/bits/basic_string.h:5925:5:[m[K [01;36m[Knote: [m[K  template argument deduction/substitution failed:
[01m[K/home/amov/catkin_ws/src/mission_offboard/src/mission_offboard.cpp:725:38:[m[K [01;36m[Knote: [m[K  ‘[01m[Kgeometry_msgs::PoseStamped {aka geometry_msgs::PoseStamped_<std::allocator<void> >}[m[K’ is not derived from ‘[01m[Kconst std::__cxx11::basic_string<_CharT, _Traits, _Alloc>[m[K’
        target_pos_pub.publish(pose + [01;36m[Kdelt_z[m[K);
                                      [01;36m[K^~~~~~[m[K
In file included from [01m[K/usr/include/c++/7/string:53:0[m[K,
                 from [01m[K/opt/ros/melodic/include/ros/platform.h:38[m[K,
                 from [01m[K/opt/ros/melodic/include/ros/time.h:53[m[K,
                 from [01m[K/opt/ros/melodic/include/ros/ros.h:38[m[K,
                 from [01m[K/home/amov/catkin_ws/src/mission_offboard/src/mission_offboard.cpp:429[m[K:
[01m[K/usr/include/c++/7/bits/basic_string.tcc:1173:5:[m[K [01;36m[Knote: [m[Kcandidate: template<class _CharT, class _Traits, class _Alloc> std::__cxx11::basic_string<_CharT, _Traits, _Alloc> std::operator+(_CharT, const std::__cxx11::basic_string<_CharT, _Traits, _Alloc>&)
     [01;36m[Koperator[m[K+(_CharT __lhs, const basic_string<_CharT, _Traits, _Alloc>& __rhs)
     [01;36m[K^~~~~~~~[m[K
[01m[K/usr/include/c++/7/bits/basic_string.tcc:1173:5:[m[K [01;36m[Knote: [m[K  template argument deduction/substitution failed:
[01m[K/home/amov/catkin_ws/src/mission_offboard/src/mission_offboard.cpp:725:38:[m[K [01;36m[Knote: [m[K  mismatched types ‘[01m[Kconst std::__cxx11::basic_string<_CharT, _Traits, _Alloc>[m[K’ and ‘[01m[Kint[m[K’
        target_pos_pub.publish(pose + [01;36m[Kdelt_z[m[K);
                                      [01;36m[K^~~~~~[m[K
In file included from [01m[K/usr/include/c++/7/string:53:0[m[K,
                 from [01m[K/opt/ros/melodic/include/ros/platform.h:38[m[K,
                 from [01m[K/opt/ros/melodic/include/ros/time.h:53[m[K,
                 from [01m[K/opt/ros/melodic/include/ros/ros.h:38[m[K,
                 from [01m[K/home/amov/catkin_ws/src/mission_offboard/src/mission_offboard.cpp:429[m[K:
[01m[K/usr/include/c++/7/bits/basic_string.tcc:1157:5:[m[K [01;36m[Knote: [m[Kcandidate: template<class _CharT, class _Traits, class _Alloc> std::__cxx11::basic_string<_CharT, _Traits, _Alloc> std::operator+(const _CharT*, const std::__cxx11::basic_string<_CharT, _Traits, _Alloc>&)
     [01;36m[Koperator[m[K+(const _CharT* __lhs,
     [01;36m[K^~~~~~~~[m[K
[01m[K/usr/include/c++/7/bits/basic_string.tcc:1157:5:[m[K [01;36m[Knote: [m[K  template argument deduction/substitution failed:
[01m[K/home/amov/catkin_ws/src/mission_offboard/src/mission_offboard.cpp:725:38:[m[K [01;36m[Knote: [m[K  mismatched types ‘[01m[Kconst _CharT*[m[K’ and ‘[01m[Kgeometry_msgs::PoseStamped_<std::allocator<void> >[m[K’
        target_pos_pub.publish(pose + [01;36m[Kdelt_z[m[K);
                                      [01;36m[K^~~~~~[m[K
In file included from [01m[K/usr/include/c++/7/string:52:0[m[K,
                 from [01m[K/opt/ros/melodic/include/ros/platform.h:38[m[K,
                 from [01m[K/opt/ros/melodic/include/ros/time.h:53[m[K,
                 from [01m[K/opt/ros/melodic/include/ros/ros.h:38[m[K,
                 from [01m[K/home/amov/catkin_ws/src/mission_offboard/src/mission_offboard.cpp:429[m[K:
[01m[K/usr/include/c++/7/bits/basic_string.h:5888:5:[m[K [01;36m[Knote: [m[Kcandidate: template<class _CharT, class _Traits, class _Alloc> std::__cxx11::basic_string<_CharT, _Traits, _Alloc> std::operator+(const std::__cxx11::basic_string<_CharT, _Traits, _Alloc>&, const std::__cxx11::basic_string<_CharT, _Traits, _Alloc>&)
     [01;36m[Koperator[m[K+(const basic_string<_CharT, _Traits, _Alloc>& __lhs,
     [01;36m[K^~~~~~~~[m[K
[01m[K/usr/include/c++/7/bits/basic_string.h:5888:5:[m[K [01;36m[Knote: [m[K  template argument deduction/substitution failed:
[01m[K/home/amov/catkin_ws/src/mission_offboard/src/mission_offboard.cpp:725:38:[m[K [01;36m[Knote: [m[K  ‘[01m[Kgeometry_msgs::PoseStamped {aka geometry_msgs::PoseStamped_<std::allocator<void> >}[m[K’ is not derived from ‘[01m[Kconst std::__cxx11::basic_string<_CharT, _Traits, _Alloc>[m[K’
        target_pos_pub.publish(pose + [01;36m[Kdelt_z[m[K);
                                      [01;36m[K^~~~~~[m[K
In file included from [01m[K/usr/include/c++/7/bits/stl_algobase.h:67:0[m[K,
                 from [01m[K/usr/include/c++/7/bits/char_traits.h:39[m[K,
                 from [01m[K/usr/include/c++/7/string:40[m[K,
                 from [01m[K/opt/ros/melodic/include/ros/platform.h:38[m[K,
                 from [01m[K/opt/ros/melodic/include/ros/time.h:53[m[K,
                 from [01m[K/opt/ros/melodic/include/ros/ros.h:38[m[K,
                 from [01m[K/home/amov/catkin_ws/src/mission_offboard/src/mission_offboard.cpp:429[m[K:
[01m[K/usr/include/c++/7/bits/stl_iterator.h:1201:5:[m[K [01;36m[Knote: [m[Kcandidate: template<class _Iterator> std::move_iterator<_IteratorL> std::operator+(typename std::move_iterator<_IteratorL>::difference_type, const std::move_iterator<_IteratorL>&)
     [01;36m[Koperator[m[K+(typename move_iterator<_Iterator>::difference_type __n,
     [01;36m[K^~~~~~~~[m[K
[01m[K/usr/include/c++/7/bits/stl_iterator.h:1201:5:[m[K [01;36m[Knote: [m[K  template argument deduction/substitution failed:
[01m[K/home/amov/catkin_ws/src/mission_offboard/src/mission_offboard.cpp:725:38:[m[K [01;36m[Knote: [m[K  mismatched types ‘[01m[Kconst std::move_iterator<_IteratorL>[m[K’ and ‘[01m[Kint[m[K’
        target_pos_pub.publish(pose + [01;36m[Kdelt_z[m[K);
                                      [01;36m[K^~~~~~[m[K
In file included from [01m[K/usr/include/c++/7/bits/stl_algobase.h:67:0[m[K,
                 from [01m[K/usr/include/c++/7/bits/char_traits.h:39[m[K,
                 from [01m[K/usr/include/c++/7/string:40[m[K,
                 from [01m[K/opt/ros/melodic/include/ros/platform.h:38[m[K,
                 from [01m[K/opt/ros/melodic/include/ros/time.h:53[m[K,
                 from [01m[K/opt/ros/melodic/include/ros/ros.h:38[m[K,
                 from [01m[K/home/amov/catkin_ws/src/mission_offboard/src/mission_offboard.cpp:429[m[K:
[01m[K/usr/include/c++/7/bits/stl_iterator.h:400:5:[m[K [01;36m[Knote: [m[Kcandidate: template<class _Iterator> std::reverse_iterator<_Iterator> std::operator+(typename std::reverse_iterator<_Iterator>::difference_type, const std::reverse_iterator<_Iterator>&)
     [01;36m[Koperator[m[K+(typename reverse_iterator<_Iterator>::difference_type __n,
     [01;36m[K^~~~~~~~[m[K
[01m[K/usr/include/c++/7/bits/stl_iterator.h:400:5:[m[K [01;36m[Knote: [m[K  template argument deduction/substitution failed:
[01m[K/home/amov/catkin_ws/src/mission_offboard/src/mission_offboard.cpp:725:38:[m[K [01;36m[Knote: [m[K  mismatched types ‘[01m[Kconst std::reverse_iterator<_Iterator>[m[K’ and ‘[01m[Kint[m[K’
        target_pos_pub.publish(pose + [01;36m[Kdelt_z[m[K);
                                      [01;36m[K^~~~~~[m[K
make[2]: *** [CMakeFiles/mission_offboard.dir/src/mission_offboard.cpp.o] Error 1
make[1]: *** [CMakeFiles/mission_offboard.dir/all] Error 2
make: *** [all] Error 2
