[01m[K/home/amov/catkin_ws/src/mission_offboard/src/mission_offboard.cpp:[m[K In function ‘[01m[Kint main(int, char**)[m[K’:
[01m[K/home/amov/catkin_ws/src/mission_offboard/src/mission_offboard.cpp:721:36:[m[K [01;31m[Kerror: [m[K‘[01m[Kgeometry_msgs::PoseStamped_<std::allocator<void> >::_pose_type {aka struct geometry_msgs::Pose_<std::allocator<void> >}[m[K’ has no member named ‘[01m[Kpose[m[K’; did you mean ‘[01m[KPose_[m[K’?
     distance =sqrt((local_pos.pose.[01;31m[Kpose[m[K.position.x-target.pose.position.x)*(local_pos.pose.pose.position.x-target.pose.position.x)+(local_pos.pose.pose.position.y-target.pose.position.y)*(local_pos.pose.pose.position.y-target.pose.position.y) );
                                    [01;31m[K^~~~[m[K
                                    [32m[KPose_[m[K
[01m[K/home/amov/catkin_ws/src/mission_offboard/src/mission_offboard.cpp:721:92:[m[K [01;31m[Kerror: [m[K‘[01m[Kgeometry_msgs::PoseStamped_<std::allocator<void> >::_pose_type {aka struct geometry_msgs::Pose_<std::allocator<void> >}[m[K’ has no member named ‘[01m[Kpose[m[K’; did you mean ‘[01m[KPose_[m[K’?
     distance =sqrt((local_pos.pose.pose.position.x-target.pose.position.x)*(local_pos.pose.[01;31m[Kpose[m[K.position.x-target.pose.position.x)+(local_pos.pose.pose.position.y-target.pose.position.y)*(local_pos.pose.pose.position.y-target.pose.position.y) );
                                                                                            [01;31m[K^~~~[m[K
                                                                                            [32m[KPose_[m[K
[01m[K/home/amov/catkin_ws/src/mission_offboard/src/mission_offboard.cpp:721:148:[m[K [01;31m[Kerror: [m[K‘[01m[Kgeometry_msgs::PoseStamped_<std::allocator<void> >::_pose_type {aka struct geometry_msgs::Pose_<std::allocator<void> >}[m[K’ has no member named ‘[01m[Kpose[m[K’; did you mean ‘[01m[KPose_[m[K’?
     distance =sqrt((local_pos.pose.pose.position.x-target.pose.position.x)*(local_pos.pose.pose.position.x-target.pose.position.x)+(local_pos.pose.[01;31m[Kpose[m[K.position.y-target.pose.position.y)*(local_pos.pose.pose.position.y-target.pose.position.y) );
                                                                                                                                                    [01;31m[K^~~~[m[K
                                                                                                                                                    [32m[KPose_[m[K
[01m[K/home/amov/catkin_ws/src/mission_offboard/src/mission_offboard.cpp:721:204:[m[K [01;31m[Kerror: [m[K‘[01m[Kgeometry_msgs::PoseStamped_<std::allocator<void> >::_pose_type {aka struct geometry_msgs::Pose_<std::allocator<void> >}[m[K’ has no member named ‘[01m[Kpose[m[K’; did you mean ‘[01m[KPose_[m[K’?
     distance =sqrt((local_pos.pose.pose.position.x-target.pose.position.x)*(local_pos.pose.pose.position.x-target.pose.position.x)+(local_pos.pose.pose.position.y-target.pose.position.y)*(local_pos.pose.[01;31m[Kpose[m[K.position.y-target.pose.position.y) );
                                                                                                                                                                                                            [01;31m[K^~~~[m[K
                                                                                                                                                                                                            [32m[KPose_[m[K
[01m[K/home/amov/catkin_ws/src/mission_offboard/src/mission_offboard.cpp:758:40:[m[K [01;31m[Kerror: [m[K‘[01m[Kgeometry_msgs::PoseStamped_<std::allocator<void> >::_pose_type {aka struct geometry_msgs::Pose_<std::allocator<void> >}[m[K’ has no member named ‘[01m[Kpose[m[K’; did you mean ‘[01m[KPose_[m[K’?
         distance =sqrt((local_pos.pose.[01;31m[Kpose[m[K.position.x-target.pose.position.x)*(local_pos.pose.pose.position.x-target.pose.position.x)+(local_pos.pose.pose.position.y-target.pose.position.y)*(local_pos.pose.pose.position.y-target.pose.position.y) );
                                        [01;31m[K^~~~[m[K
                                        [32m[KPose_[m[K
[01m[K/home/amov/catkin_ws/src/mission_offboard/src/mission_offboard.cpp:758:96:[m[K [01;31m[Kerror: [m[K‘[01m[Kgeometry_msgs::PoseStamped_<std::allocator<void> >::_pose_type {aka struct geometry_msgs::Pose_<std::allocator<void> >}[m[K’ has no member named ‘[01m[Kpose[m[K’; did you mean ‘[01m[KPose_[m[K’?
         distance =sqrt((local_pos.pose.pose.position.x-target.pose.position.x)*(local_pos.pose.[01;31m[Kpose[m[K.position.x-target.pose.position.x)+(local_pos.pose.pose.position.y-target.pose.position.y)*(local_pos.pose.pose.position.y-target.pose.position.y) );
                                                                                                [01;31m[K^~~~[m[K
                                                                                                [32m[KPose_[m[K
[01m[K/home/amov/catkin_ws/src/mission_offboard/src/mission_offboard.cpp:758:152:[m[K [01;31m[Kerror: [m[K‘[01m[Kgeometry_msgs::PoseStamped_<std::allocator<void> >::_pose_type {aka struct geometry_msgs::Pose_<std::allocator<void> >}[m[K’ has no member named ‘[01m[Kpose[m[K’; did you mean ‘[01m[KPose_[m[K’?
         distance =sqrt((local_pos.pose.pose.position.x-target.pose.position.x)*(local_pos.pose.pose.position.x-target.pose.position.x)+(local_pos.pose.[01;31m[Kpose[m[K.position.y-target.pose.position.y)*(local_pos.pose.pose.position.y-target.pose.position.y) );
                                                                                                                                                        [01;31m[K^~~~[m[K
                                                                                                                                                        [32m[KPose_[m[K
[01m[K/home/amov/catkin_ws/src/mission_offboard/src/mission_offboard.cpp:758:208:[m[K [01;31m[Kerror: [m[K‘[01m[Kgeometry_msgs::PoseStamped_<std::allocator<void> >::_pose_type {aka struct geometry_msgs::Pose_<std::allocator<void> >}[m[K’ has no member named ‘[01m[Kpose[m[K’; did you mean ‘[01m[KPose_[m[K’?
         distance =sqrt((local_pos.pose.pose.position.x-target.pose.position.x)*(local_pos.pose.pose.position.x-target.pose.position.x)+(local_pos.pose.pose.position.y-target.pose.position.y)*(local_pos.pose.[01;31m[Kpose[m[K.position.y-target.pose.position.y) );
                                                                                                                                                                                                                [01;31m[K^~~~[m[K
                                                                                                                                                                                                                [32m[KPose_[m[K
[01m[K/home/amov/catkin_ws/src/mission_offboard/src/mission_offboard.cpp:793:36:[m[K [01;31m[Kerror: [m[K‘[01m[Kgeometry_msgs::PoseStamped_<std::allocator<void> >::_pose_type {aka struct geometry_msgs::Pose_<std::allocator<void> >}[m[K’ has no member named ‘[01m[Kpose[m[K’; did you mean ‘[01m[KPose_[m[K’?
     distance =sqrt((local_pos.pose.[01;31m[Kpose[m[K.position.x-target.pose.position.x)*(local_pos.pose.pose.position.x-target.pose.position.x)+(local_pos.pose.pose.position.y-target.pose.position.y)*(local_pos.pose.pose.position.y-target.pose.position.y) );
                                    [01;31m[K^~~~[m[K
                                    [32m[KPose_[m[K
[01m[K/home/amov/catkin_ws/src/mission_offboard/src/mission_offboard.cpp:793:92:[m[K [01;31m[Kerror: [m[K‘[01m[Kgeometry_msgs::PoseStamped_<std::allocator<void> >::_pose_type {aka struct geometry_msgs::Pose_<std::allocator<void> >}[m[K’ has no member named ‘[01m[Kpose[m[K’; did you mean ‘[01m[KPose_[m[K’?
     distance =sqrt((local_pos.pose.pose.position.x-target.pose.position.x)*(local_pos.pose.[01;31m[Kpose[m[K.position.x-target.pose.position.x)+(local_pos.pose.pose.position.y-target.pose.position.y)*(local_pos.pose.pose.position.y-target.pose.position.y) );
                                                                                            [01;31m[K^~~~[m[K
                                                                                            [32m[KPose_[m[K
[01m[K/home/amov/catkin_ws/src/mission_offboard/src/mission_offboard.cpp:793:148:[m[K [01;31m[Kerror: [m[K‘[01m[Kgeometry_msgs::PoseStamped_<std::allocator<void> >::_pose_type {aka struct geometry_msgs::Pose_<std::allocator<void> >}[m[K’ has no member named ‘[01m[Kpose[m[K’; did you mean ‘[01m[KPose_[m[K’?
     distance =sqrt((local_pos.pose.pose.position.x-target.pose.position.x)*(local_pos.pose.pose.position.x-target.pose.position.x)+(local_pos.pose.[01;31m[Kpose[m[K.position.y-target.pose.position.y)*(local_pos.pose.pose.position.y-target.pose.position.y) );
                                                                                                                                                    [01;31m[K^~~~[m[K
                                                                                                                                                    [32m[KPose_[m[K
[01m[K/home/amov/catkin_ws/src/mission_offboard/src/mission_offboard.cpp:793:204:[m[K [01;31m[Kerror: [m[K‘[01m[Kgeometry_msgs::PoseStamped_<std::allocator<void> >::_pose_type {aka struct geometry_msgs::Pose_<std::allocator<void> >}[m[K’ has no member named ‘[01m[Kpose[m[K’; did you mean ‘[01m[KPose_[m[K’?
     distance =sqrt((local_pos.pose.pose.position.x-target.pose.position.x)*(local_pos.pose.pose.position.x-target.pose.position.x)+(local_pos.pose.pose.position.y-target.pose.position.y)*(local_pos.pose.[01;31m[Kpose[m[K.position.y-target.pose.position.y) );
                                                                                                                                                                                                            [01;31m[K^~~~[m[K
                                                                                                                                                                                                            [32m[KPose_[m[K
make[2]: *** [CMakeFiles/mission_offboard.dir/src/mission_offboard.cpp.o] Error 1
make[1]: *** [CMakeFiles/mission_offboard.dir/all] Error 2
make: *** [all] Error 2
