Not searching for unused variables given on the command line.
[36m--[0m Using CATKIN_DEVEL_PREFIX: /home/amov/catkin_ws/devel/.private/read_and_display
[36m--[0m Using CMAKE_PREFIX_PATH: /home/amov/catkin_ws/devel;/home/amov/VINS_FUSION/devel;/home/amov/amovlab_ws/devel;/home/amov/rplidar_ws/devel;/home/amov/Prometheus/devel;/home/amov/realsense_ws/devel;/opt/ros/melodic
[36m--[0m This workspace overlays: /home/amov/catkin_ws/devel;/home/amov/VINS_FUSION/devel;/home/amov/amovlab_ws/devel;/home/amov/rplidar_ws/devel;/home/amov/Prometheus/devel;/home/amov/realsense_ws/devel;/opt/ros/melodic
[36m--[0m Found PythonInterp: /usr/bin/python2 (found suitable version "2.7.17", minimum required is "2")
[36m--[0m Using PYTHON_EXECUTABLE: /usr/bin/python2
[36m--[0m Using Debian Python package layout
[36m--[0m Using empy: /usr/bin/empy
[36m--[0m Using CATKIN_ENABLE_TESTING: ON
[36m--[0m Call enable_testing()
[36m--[0m Using CATKIN_TEST_RESULTS_DIR: /home/amov/catkin_ws/build/read_and_display/test_results
[36m--[0m Found gtest sources under '/usr/src/googletest': gtests will be built
[36m--[0m Found gmock sources under '/usr/src/googletest': gmock will be built
[0mCMake Deprecation Warning at /usr/src/googletest/CMakeLists.txt:1 (cmake_minimum_required):
  Compatibility with CMake < 2.8.12 will be removed from a future version of
  CMake.

  Update the VERSION argument <min> value or use a ...<max> suffix to tell
  CMake that the project does not need compatibility with older versions.

[0m
[0mCMake Deprecation Warning at /usr/src/googletest/googlemock/CMakeLists.txt:41 (cmake_minimum_required):
  Compatibility with CMake < 2.8.12 will be removed from a future version of
  CMake.

  Update the VERSION argument <min> value or use a ...<max> suffix to tell
  CMake that the project does not need compatibility with older versions.

[0m
[0mCMake Deprecation Warning at /usr/src/googletest/googletest/CMakeLists.txt:48 (cmake_minimum_required):
  Compatibility with CMake < 2.8.12 will be removed from a future version of
  CMake.

  Update the VERSION argument <min> value or use a ...<max> suffix to tell
  CMake that the project does not need compatibility with older versions.

[0m
[36m--[0m Found PythonInterp: /usr/bin/python2 (found version "2.7.17")
[36m--[0m Using Python nosetests: /usr/bin/nosetests-2.7
[36m--[0m catkin 0.7.28
[36m--[0m BUILD_SHARED_LIBS is on
[36m--[0m Configuring done
[31mCMake Error at CMakeLists.txt:137 (add_executable):
  Cannot find source file:

    src/read_and_display_node.cpp

  Tried extensions .c .C .c++ .cc .cpp .cxx .cu .mpp .m .M .mm .ixx .cppm .h
  .hh .h++ .hm .hpp .hxx .in .txx .f .F .for .f77 .f90 .f95 .f03 .hip .ispc

[0m
[31mCMake Error at CMakeLists.txt:137 (add_executable):
  No SOURCES given to target: read_and_display_node

[0m
[0mCMake Generate step failed.  Build files cannot be regenerated correctly.[0m
