[01m[K/home/amov/catkin_ws/src/video_publisher/src/video_publisher_node.cpp:[m[K In function ‘[01m[Kint main(int, char**)[m[K’:
[01m[K/home/amov/catkin_ws/src/video_publisher/src/video_publisher_node.cpp:38:9:[m[K [01;31m[Kerror: [m[K‘[01m[Kcout[m[K’ was not declared in this scope
         [01;31m[Kcout[m[K<<"published"<<endl;
         [01;31m[K^~~~[m[K
[01m[K/home/amov/catkin_ws/src/video_publisher/src/video_publisher_node.cpp:38:9:[m[K [01;36m[Knote: [m[Ksuggested alternative:
In file included from [01m[K/home/amov/catkin_ws/src/video_publisher/src/video_publisher_node.cpp:1:0[m[K:
[01m[K/usr/include/c++/7/iostream:61:18:[m[K [01;36m[Knote: [m[K  ‘[01m[Kstd::cout[m[K’
   extern ostream [01;36m[Kcout[m[K;  /// Linked to standard output
                  [01;36m[K^~~~[m[K
[01m[K/home/amov/catkin_ws/src/video_publisher/src/video_publisher_node.cpp:38:28:[m[K [01;31m[Kerror: [m[K‘[01m[Kendl[m[K’ was not declared in this scope
         cout<<"published"<<[01;31m[Kendl[m[K;
                            [01;31m[K^~~~[m[K
[01m[K/home/amov/catkin_ws/src/video_publisher/src/video_publisher_node.cpp:38:28:[m[K [01;36m[Knote: [m[Ksuggested alternative:
In file included from [01m[K/usr/include/c++/7/iostream:39:0[m[K,
                 from [01m[K/home/amov/catkin_ws/src/video_publisher/src/video_publisher_node.cpp:1[m[K:
[01m[K/usr/include/c++/7/ostream:590:5:[m[K [01;36m[Knote: [m[K  ‘[01m[Kstd::endl[m[K’
     [01;36m[Kendl[m[K(basic_ostream<_CharT, _Traits>& __os)
     [01;36m[K^~~~[m[K
make[2]: *** [CMakeFiles/video_publisher_node.dir/src/video_publisher_node.cpp.o] Error 1
make[1]: *** [CMakeFiles/video_publisher_node.dir/all] Error 2
make: *** [all] Error 2
