Performing C SOURCE FILE Test CMAKE_HAVE_LIBC_PTHREAD failed with the following output:
Change Dir: /home/amov/catkin_ws/build/tkdnn_ros/CMakeFiles/CMakeTmp

Run Build Command(s):/usr/bin/make -f Makefile cmTC_d7a73/fast && /usr/bin/make  -f CMakeFiles/cmTC_d7a73.dir/build.make CMakeFiles/cmTC_d7a73.dir/build
make[1]: Entering directory '/home/amov/catkin_ws/build/tkdnn_ros/CMakeFiles/CMakeTmp'
Building C object CMakeFiles/cmTC_d7a73.dir/src.c.o
/usr/bin/cc -DCMAKE_HAVE_LIBC_PTHREAD  -fPIC  -o CMakeFiles/cmTC_d7a73.dir/src.c.o -c /home/amov/catkin_ws/build/tkdnn_ros/CMakeFiles/CMakeTmp/src.c
Linking C executable cmTC_d7a73
/usr/local/bin/cmake -E cmake_link_script CMakeFiles/cmTC_d7a73.dir/link.txt --verbose=1
/usr/bin/cc -fPIC  CMakeFiles/cmTC_d7a73.dir/src.c.o -o cmTC_d7a73 
CMakeFiles/cmTC_d7a73.dir/src.c.o: In function `main':
src.c:(.text+0x48): undefined reference to `pthread_create'
src.c:(.text+0x50): undefined reference to `pthread_detach'
src.c:(.text+0x58): undefined reference to `pthread_cancel'
src.c:(.text+0x64): undefined reference to `pthread_join'
src.c:(.text+0x74): undefined reference to `pthread_atfork'
collect2: error: ld returned 1 exit status
CMakeFiles/cmTC_d7a73.dir/build.make:98: recipe for target 'cmTC_d7a73' failed
make[1]: *** [cmTC_d7a73] Error 1
make[1]: Leaving directory '/home/amov/catkin_ws/build/tkdnn_ros/CMakeFiles/CMakeTmp'
Makefile:127: recipe for target 'cmTC_d7a73/fast' failed
make: *** [cmTC_d7a73/fast] Error 2


Source file was:
#include <pthread.h>

static void* test_func(void* data)
{
  return data;
}

int main(void)
{
  pthread_t thread;
  pthread_create(&thread, NULL, test_func, NULL);
  pthread_detach(thread);
  pthread_cancel(thread);
  pthread_join(thread, NULL);
  pthread_atfork(NULL, NULL, NULL);
  pthread_exit(NULL);

  return 0;
}

Determining if the function pthread_create exists in the pthreads failed with the following output:
Change Dir: /home/amov/catkin_ws/build/tkdnn_ros/CMakeFiles/CMakeTmp

Run Build Command(s):/usr/bin/make -f Makefile cmTC_b8713/fast && /usr/bin/make  -f CMakeFiles/cmTC_b8713.dir/build.make CMakeFiles/cmTC_b8713.dir/build
make[1]: Entering directory '/home/amov/catkin_ws/build/tkdnn_ros/CMakeFiles/CMakeTmp'
Building C object CMakeFiles/cmTC_b8713.dir/CheckFunctionExists.c.o
/usr/bin/cc   -fPIC -DCHECK_FUNCTION_EXISTS=pthread_create -o CMakeFiles/cmTC_b8713.dir/CheckFunctionExists.c.o -c /usr/local/share/cmake-3.23/Modules/CheckFunctionExists.c
Linking C executable cmTC_b8713
/usr/local/bin/cmake -E cmake_link_script CMakeFiles/cmTC_b8713.dir/link.txt --verbose=1
/usr/bin/cc -fPIC -DCHECK_FUNCTION_EXISTS=pthread_create CMakeFiles/cmTC_b8713.dir/CheckFunctionExists.c.o -o cmTC_b8713  -lpthreads 
/usr/bin/ld: cannot find -lpthreads
collect2: error: ld returned 1 exit status
CMakeFiles/cmTC_b8713.dir/build.make:98: recipe for target 'cmTC_b8713' failed
make[1]: *** [cmTC_b8713] Error 1
make[1]: Leaving directory '/home/amov/catkin_ws/build/tkdnn_ros/CMakeFiles/CMakeTmp'
Makefile:127: recipe for target 'cmTC_b8713/fast' failed
make: *** [cmTC_b8713/fast] Error 2



