Not searching for unused variables given on the command line.
[36m--[0m The C compiler identification is GNU 7.5.0
[36m--[0m The CXX compiler identification is GNU 7.5.0
[36m--[0m Detecting C compiler ABI info
[36m--[0m Detecting C compiler ABI info - done
[36m--[0m Check for working C compiler: /usr/bin/cc - skipped
[36m--[0m Detecting C compile features
[36m--[0m Detecting C compile features - done
[36m--[0m Detecting CXX compiler ABI info
[36m--[0m Detecting CXX compiler ABI info - done
[36m--[0m Check for working CXX compiler: /usr/bin/c++ - skipped
[36m--[0m Detecting CXX compile features
[36m--[0m Detecting CXX compile features - done
[0m-- Found tkDNN[0m
[36m--[0m Looking for pthread.h
[36m--[0m Looking for pthread.h - found
[36m--[0m Performing Test CMAKE_HAVE_LIBC_PTHREAD
[36m--[0m Performing Test CMAKE_HAVE_LIBC_PTHREAD - Failed
[36m--[0m Looking for pthread_create in pthreads
[36m--[0m Looking for pthread_create in pthreads - not found
[36m--[0m Looking for pthread_create in pthread
[36m--[0m Looking for pthread_create in pthread - found
[36m--[0m Found Threads: TRUE
[36m--[0m Found CUDA: /usr/local/cuda-10.2 (found version "10.2")
[36m--[0m Found OpenCV: /usr/local (found version "4.5.4")
[0m-- Found CUDNN: /usr/local/cuda-10.2/lib64/libcudnn.so[0m
[0m-- Found CUDNN include: /usr/local/cuda-10.2/include[0m
[0m-- Found NVINFER: /usr/lib/aarch64-linux-gnu/libnvinfer.so[0m
[0m-- Found NVINFER include: /usr/include/aarch64-linux-gnu[0m
[36m--[0m Found CUDNN: /usr/local/cuda-10.2/lib64/libcudnn.so
[33mCMake Warning at CMakeLists.txt:13 (message):
  tkDNN FOUND, Version: directory: /usr/local/share/tkDNN/cmake

[0m
[36m--[0m Using CATKIN_DEVEL_PREFIX: /home/amov/catkin_ws/devel/.private/tkdnn_ros
[36m--[0m Using CMAKE_PREFIX_PATH: /home/amov/catkin_ws/devel;/home/amov/VINS_FUSION/devel;/home/amov/amovlab_ws/devel;/home/amov/rplidar_ws/devel;/home/amov/Prometheus/devel;/home/amov/realsense_ws/devel;/opt/ros/melodic
[36m--[0m This workspace overlays: /home/amov/catkin_ws/devel;/home/amov/VINS_FUSION/devel;/home/amov/amovlab_ws/devel;/home/amov/rplidar_ws/devel;/home/amov/Prometheus/devel;/home/amov/realsense_ws/devel;/opt/ros/melodic
[36m--[0m Found PythonInterp: /usr/bin/python2 (found suitable version "2.7.17", minimum required is "2")
[36m--[0m Using PYTHON_EXECUTABLE: /usr/bin/python2
[36m--[0m Using Debian Python package layout
[36m--[0m Using empy: /usr/bin/empy
[36m--[0m Using CATKIN_ENABLE_TESTING: ON
[36m--[0m Call enable_testing()
[36m--[0m Using CATKIN_TEST_RESULTS_DIR: /home/amov/catkin_ws/build/tkdnn_ros/test_results
[36m--[0m Found gtest sources under '/usr/src/googletest': gtests will be built
[36m--[0m Found gmock sources under '/usr/src/googletest': gmock will be built
[0mCMake Deprecation Warning at /usr/src/googletest/CMakeLists.txt:1 (cmake_minimum_required):
  Compatibility with CMake < 2.8.12 will be removed from a future version of
  CMake.

  Update the VERSION argument <min> value or use a ...<max> suffix to tell
  CMake that the project does not need compatibility with older versions.

[0m
[0mCMake Deprecation Warning at /usr/src/googletest/googlemock/CMakeLists.txt:41 (cmake_minimum_required):
  Compatibility with CMake < 2.8.12 will be removed from a future version of
  CMake.

  Update the VERSION argument <min> value or use a ...<max> suffix to tell
  CMake that the project does not need compatibility with older versions.

[0m
[0mCMake Deprecation Warning at /usr/src/googletest/googletest/CMakeLists.txt:48 (cmake_minimum_required):
  Compatibility with CMake < 2.8.12 will be removed from a future version of
  CMake.

  Update the VERSION argument <min> value or use a ...<max> suffix to tell
  CMake that the project does not need compatibility with older versions.

[0m
[36m--[0m Found PythonInterp: /usr/bin/python2 (found version "2.7.17")
[36m--[0m Using Python nosetests: /usr/bin/nosetests-2.7
[36m--[0m catkin 0.7.28
[36m--[0m BUILD_SHARED_LIBS is on
[36m--[0m Using these message generators: gencpp;geneus;genlisp;gennodejs;genpy
[33mCMake Warning at CMakeLists.txt:28 (message):
  OpenCV FOUND, Version:4.5.4 directory: /usr/local/include/opencv4

[0m
[36m--[0m tkdnn_ros: 2 messages, 0 services
[36m--[0m Configuring done
[36m--[0m Generating done
[36m--[0m Build files have been written to: /home/amov/catkin_ws/build/tkdnn_ros
