Linked: (/home/amov/catkin_ws/devel/.private/tkdnn_ros/share/gennodejs/ros/tkdnn_ros/_index.js, /home/amov/catkin_ws/devel/share/gennodejs/ros/tkdnn_ros/_index.js)
Linked: (/home/amov/catkin_ws/devel/.private/tkdnn_ros/share/gennodejs/ros/tkdnn_ros/msg/_index.js, /home/amov/catkin_ws/devel/share/gennodejs/ros/tkdnn_ros/msg/_index.js)
Linked: (/home/amov/catkin_ws/devel/.private/tkdnn_ros/share/gennodejs/ros/tkdnn_ros/msg/bboxes.js, /home/amov/catkin_ws/devel/share/gennodejs/ros/tkdnn_ros/msg/bboxes.js)
Linked: (/home/amov/catkin_ws/devel/.private/tkdnn_ros/share/gennodejs/ros/tkdnn_ros/msg/bbox.js, /home/amov/catkin_ws/devel/share/gennodejs/ros/tkdnn_ros/msg/bbox.js)
Linked: (/home/amov/catkin_ws/devel/.private/tkdnn_ros/share/common-lisp/ros/tkdnn_ros/msg/bboxes.lisp, /home/amov/catkin_ws/devel/share/common-lisp/ros/tkdnn_ros/msg/bboxes.lisp)
Linked: (/home/amov/catkin_ws/devel/.private/tkdnn_ros/share/common-lisp/ros/tkdnn_ros/msg/_package.lisp, /home/amov/catkin_ws/devel/share/common-lisp/ros/tkdnn_ros/msg/_package.lisp)
Linked: (/home/amov/catkin_ws/devel/.private/tkdnn_ros/share/common-lisp/ros/tkdnn_ros/msg/bbox.lisp, /home/amov/catkin_ws/devel/share/common-lisp/ros/tkdnn_ros/msg/bbox.lisp)
Linked: (/home/amov/catkin_ws/devel/.private/tkdnn_ros/share/common-lisp/ros/tkdnn_ros/msg/_package_bbox.lisp, /home/amov/catkin_ws/devel/share/common-lisp/ros/tkdnn_ros/msg/_package_bbox.lisp)
Linked: (/home/amov/catkin_ws/devel/.private/tkdnn_ros/share/common-lisp/ros/tkdnn_ros/msg/_package_bboxes.lisp, /home/amov/catkin_ws/devel/share/common-lisp/ros/tkdnn_ros/msg/_package_bboxes.lisp)
Linked: (/home/amov/catkin_ws/devel/.private/tkdnn_ros/share/common-lisp/ros/tkdnn_ros/msg/tkdnn_ros-msg.asd, /home/amov/catkin_ws/devel/share/common-lisp/ros/tkdnn_ros/msg/tkdnn_ros-msg.asd)
Linked: (/home/amov/catkin_ws/devel/.private/tkdnn_ros/share/tkdnn_ros/cmake/tkdnn_rosConfig.cmake, /home/amov/catkin_ws/devel/share/tkdnn_ros/cmake/tkdnn_rosConfig.cmake)
Linked: (/home/amov/catkin_ws/devel/.private/tkdnn_ros/share/tkdnn_ros/cmake/tkdnn_ros-msg-extras.cmake, /home/amov/catkin_ws/devel/share/tkdnn_ros/cmake/tkdnn_ros-msg-extras.cmake)
Linked: (/home/amov/catkin_ws/devel/.private/tkdnn_ros/share/tkdnn_ros/cmake/tkdnn_rosConfig-version.cmake, /home/amov/catkin_ws/devel/share/tkdnn_ros/cmake/tkdnn_rosConfig-version.cmake)
Linked: (/home/amov/catkin_ws/devel/.private/tkdnn_ros/share/tkdnn_ros/cmake/tkdnn_ros-msg-paths.cmake, /home/amov/catkin_ws/devel/share/tkdnn_ros/cmake/tkdnn_ros-msg-paths.cmake)
Linked: (/home/amov/catkin_ws/devel/.private/tkdnn_ros/share/tkdnn-ros/cmake/tkdnn-ros-msg-paths.cmake, /home/amov/catkin_ws/devel/share/tkdnn-ros/cmake/tkdnn-ros-msg-paths.cmake)
Linked: (/home/amov/catkin_ws/devel/.private/tkdnn_ros/share/roseus/ros/tkdnn_ros/manifest.l, /home/amov/catkin_ws/devel/share/roseus/ros/tkdnn_ros/manifest.l)
Linked: (/home/amov/catkin_ws/devel/.private/tkdnn_ros/share/roseus/ros/tkdnn_ros/msg/bboxes.l, /home/amov/catkin_ws/devel/share/roseus/ros/tkdnn_ros/msg/bboxes.l)
Linked: (/home/amov/catkin_ws/devel/.private/tkdnn_ros/share/roseus/ros/tkdnn_ros/msg/bbox.l, /home/amov/catkin_ws/devel/share/roseus/ros/tkdnn_ros/msg/bbox.l)
Linked: (/home/amov/catkin_ws/devel/.private/tkdnn_ros/lib/tkdnn_ros/tkdnn_ros_node, /home/amov/catkin_ws/devel/lib/tkdnn_ros/tkdnn_ros_node)
Linked: (/home/amov/catkin_ws/devel/.private/tkdnn_ros/lib/pkgconfig/tkdnn_ros.pc, /home/amov/catkin_ws/devel/lib/pkgconfig/tkdnn_ros.pc)
Linked: (/home/amov/catkin_ws/devel/.private/tkdnn_ros/lib/python2.7/dist-packages/tkdnn_ros/__init__.py, /home/amov/catkin_ws/devel/lib/python2.7/dist-packages/tkdnn_ros/__init__.py)
Linked: (/home/amov/catkin_ws/devel/.private/tkdnn_ros/lib/python2.7/dist-packages/tkdnn_ros/msg/_bboxes.py, /home/amov/catkin_ws/devel/lib/python2.7/dist-packages/tkdnn_ros/msg/_bboxes.py)
Linked: (/home/amov/catkin_ws/devel/.private/tkdnn_ros/lib/python2.7/dist-packages/tkdnn_ros/msg/__init__.py, /home/amov/catkin_ws/devel/lib/python2.7/dist-packages/tkdnn_ros/msg/__init__.py)
Linked: (/home/amov/catkin_ws/devel/.private/tkdnn_ros/lib/python2.7/dist-packages/tkdnn_ros/msg/_bbox.py, /home/amov/catkin_ws/devel/lib/python2.7/dist-packages/tkdnn_ros/msg/_bbox.py)
Linked: (/home/amov/catkin_ws/devel/.private/tkdnn_ros/lib/python2.7/dist-packages/tkdnn-ros/__init__.py, /home/amov/catkin_ws/devel/lib/python2.7/dist-packages/tkdnn-ros/__init__.py)
Linked: (/home/amov/catkin_ws/devel/.private/tkdnn_ros/include/tkdnn_ros/bbox.h, /home/amov/catkin_ws/devel/include/tkdnn_ros/bbox.h)
Linked: (/home/amov/catkin_ws/devel/.private/tkdnn_ros/include/tkdnn_ros/bboxes.h, /home/amov/catkin_ws/devel/include/tkdnn_ros/bboxes.h)
