[01m[K/home/amov/catkin_ws/src/mission_offboard/src/mission_offboard.cpp:481:14:[m[K [01;31m[Kerror: [m[K‘[01m[KWaypointReached[m[K’ in namespace ‘[01m[Kmavros_msgs[m[K’ does not name a type
 mavros_msgs::[01;31m[KWaypointReached[m[K wayRea;
              [01;31m[K^~~~~~~~~~~~~~~[m[K
[01m[K/home/amov/catkin_ws/src/mission_offboard/src/mission_offboard.cpp:527:35:[m[K [01;31m[Kerror: [m[K‘[01m[KWaypointReached[m[K’ in namespace ‘[01m[Kmavros_msgs[m[K’ does not name a type
 void wayRea_sb(const mavros_msgs::[01;31m[KWaypointReached[m[K& msg)
                                   [01;31m[K^~~~~~~~~~~~~~~[m[K
[01m[K/home/amov/catkin_ws/src/mission_offboard/src/mission_offboard.cpp:[m[K In function ‘[01m[Kvoid wayRea_sb(const int&)[m[K’:
[01m[K/home/amov/catkin_ws/src/mission_offboard/src/mission_offboard.cpp:529:2:[m[K [01;31m[Kerror: [m[K‘[01m[KwayRea[m[K’ was not declared in this scope
  [01;31m[KwayRea[m[K = *msg;
  [01;31m[K^~~~~~[m[K
[01m[K/home/amov/catkin_ws/src/mission_offboard/src/mission_offboard.cpp:529:2:[m[K [01;36m[Knote: [m[Ksuggested alternative: ‘[01m[KwayRea_sb[m[K’
  [01;36m[KwayRea[m[K = *msg;
  [01;36m[K^~~~~~[m[K
  [32m[KwayRea_sb[m[K
[01m[K/home/amov/catkin_ws/src/mission_offboard/src/mission_offboard.cpp:529:12:[m[K [01;31m[Kerror: [m[Kinvalid type argument of unary ‘[01m[K*[m[K’ (have ‘[01m[Kint[m[K’)
  wayRea = *[01;31m[Kmsg[m[K;
            [01;31m[K^~~[m[K
[01m[K/home/amov/catkin_ws/src/mission_offboard/src/mission_offboard.cpp:[m[K In function ‘[01m[Kint main(int, char**)[m[K’:
[01m[K/home/amov/catkin_ws/src/mission_offboard/src/mission_offboard.cpp:562:57:[m[K [01;31m[Kerror: [m[K‘[01m[KWaypointReached[m[K’ is not a member of ‘[01m[Kmavros_msgs[m[K’
  ros::Subscriber wayRea_sub = nh.subscribe<mavros_msgs::[01;31m[KWaypointReached[m[K>("/mavros/mission/reached", 1, wayRea_sb);
                                                         [01;31m[K^~~~~~~~~~~~~~~[m[K
[01m[K/home/amov/catkin_ws/src/mission_offboard/src/mission_offboard.cpp:562:57:[m[K [01;31m[Kerror: [m[K‘[01m[KWaypointReached[m[K’ is not a member of ‘[01m[Kmavros_msgs[m[K’
[01m[K/home/amov/catkin_ws/src/mission_offboard/src/mission_offboard.cpp:562:113:[m[K [01;31m[Kerror: [m[Kno matching function for call to ‘[01m[Kros::NodeHandle::subscribe<<expression error> >(const char [24], int, void (&)(const int&))[m[K’
  ros::Subscriber wayRea_sub = nh.subscribe<mavros_msgs::WaypointReached>("/mavros/mission/reached", 1, wayRea_sb[01;31m[K)[m[K;
                                                                                                                 [01;31m[K^[m[K
In file included from [01m[K/opt/ros/melodic/include/ros/ros.h:45:0[m[K,
                 from [01m[K/home/amov/catkin_ws/src/mission_offboard/src/mission_offboard.cpp:429[m[K:
[01m[K/opt/ros/melodic/include/ros/node_handle.h:402:14:[m[K [01;36m[Knote: [m[Kcandidate: template<class M, class T> ros::Subscriber ros::NodeHandle::subscribe(const string&, uint32_t, void (T::*)(M), T*, const ros::TransportHints&)
   Subscriber [01;36m[Ksubscribe[m[K(const std::string& topic, uint32_t queue_size, void(T::*fp)(M), T* obj,
              [01;36m[K^~~~~~~~~[m[K
[01m[K/opt/ros/melodic/include/ros/node_handle.h:402:14:[m[K [01;36m[Knote: [m[K  template argument deduction/substitution failed:
[01m[K/home/amov/catkin_ws/src/mission_offboard/src/mission_offboard.cpp:562:113:[m[K [01;31m[Kerror: [m[Ktemplate argument 1 is invalid
  ros::Subscriber wayRea_sub = nh.subscribe<mavros_msgs::WaypointReached>("/mavros/mission/reached", 1, wayRea_sb[01;31m[K)[m[K;
                                                                                                                 [01;31m[K^[m[K
In file included from [01m[K/opt/ros/melodic/include/ros/ros.h:45:0[m[K,
                 from [01m[K/home/amov/catkin_ws/src/mission_offboard/src/mission_offboard.cpp:429[m[K:
[01m[K/opt/ros/melodic/include/ros/node_handle.h:413:14:[m[K [01;36m[Knote: [m[Kcandidate: template<class M, class T> ros::Subscriber ros::NodeHandle::subscribe(const string&, uint32_t, void (T::*)(M) const, T*, const ros::TransportHints&)
   Subscriber [01;36m[Ksubscribe[m[K(const std::string& topic, uint32_t queue_size, void(T::*fp)(M) const, T* obj,
              [01;36m[K^~~~~~~~~[m[K
[01m[K/opt/ros/melodic/include/ros/node_handle.h:413:14:[m[K [01;36m[Knote: [m[K  template argument deduction/substitution failed:
[01m[K/home/amov/catkin_ws/src/mission_offboard/src/mission_offboard.cpp:562:113:[m[K [01;31m[Kerror: [m[Ktemplate argument 1 is invalid
  ros::Subscriber wayRea_sub = nh.subscribe<mavros_msgs::WaypointReached>("/mavros/mission/reached", 1, wayRea_sb[01;31m[K)[m[K;
                                                                                                                 [01;31m[K^[m[K
In file included from [01m[K/opt/ros/melodic/include/ros/ros.h:45:0[m[K,
                 from [01m[K/home/amov/catkin_ws/src/mission_offboard/src/mission_offboard.cpp:429[m[K:
[01m[K/opt/ros/melodic/include/ros/node_handle.h:465:14:[m[K [01;36m[Knote: [m[Kcandidate: template<class M, class T> ros::Subscriber ros::NodeHandle::subscribe(const string&, uint32_t, void (T::*)(const boost::shared_ptr<const M>&), T*, const ros::TransportHints&)
   Subscriber [01;36m[Ksubscribe[m[K(const std::string& topic, uint32_t queue_size,
              [01;36m[K^~~~~~~~~[m[K
[01m[K/opt/ros/melodic/include/ros/node_handle.h:465:14:[m[K [01;36m[Knote: [m[K  template argument deduction/substitution failed:
[01m[K/home/amov/catkin_ws/src/mission_offboard/src/mission_offboard.cpp:562:113:[m[K [01;31m[Kerror: [m[Ktemplate argument 1 is invalid
  ros::Subscriber wayRea_sub = nh.subscribe<mavros_msgs::WaypointReached>("/mavros/mission/reached", 1, wayRea_sb[01;31m[K)[m[K;
                                                                                                                 [01;31m[K^[m[K
In file included from [01m[K/opt/ros/melodic/include/ros/ros.h:45:0[m[K,
                 from [01m[K/home/amov/catkin_ws/src/mission_offboard/src/mission_offboard.cpp:429[m[K:
[01m[K/opt/ros/melodic/include/ros/node_handle.h:475:14:[m[K [01;36m[Knote: [m[Kcandidate: template<class M, class T> ros::Subscriber ros::NodeHandle::subscribe(const string&, uint32_t, void (T::*)(const boost::shared_ptr<const M>&) const, T*, const ros::TransportHints&)
   Subscriber [01;36m[Ksubscribe[m[K(const std::string& topic, uint32_t queue_size,
              [01;36m[K^~~~~~~~~[m[K
[01m[K/opt/ros/melodic/include/ros/node_handle.h:475:14:[m[K [01;36m[Knote: [m[K  template argument deduction/substitution failed:
[01m[K/home/amov/catkin_ws/src/mission_offboard/src/mission_offboard.cpp:562:113:[m[K [01;31m[Kerror: [m[Ktemplate argument 1 is invalid
  ros::Subscriber wayRea_sub = nh.subscribe<mavros_msgs::WaypointReached>("/mavros/mission/reached", 1, wayRea_sb[01;31m[K)[m[K;
                                                                                                                 [01;31m[K^[m[K
In file included from [01m[K/opt/ros/melodic/include/ros/ros.h:45:0[m[K,
                 from [01m[K/home/amov/catkin_ws/src/mission_offboard/src/mission_offboard.cpp:429[m[K:
[01m[K/opt/ros/melodic/include/ros/node_handle.h:529:14:[m[K [01;36m[Knote: [m[Kcandidate: template<class M, class T> ros::Subscriber ros::NodeHandle::subscribe(const string&, uint32_t, void (T::*)(M), const boost::shared_ptr<U>&, const ros::TransportHints&)
   Subscriber [01;36m[Ksubscribe[m[K(const std::string& topic, uint32_t queue_size, void(T::*fp)(M),
              [01;36m[K^~~~~~~~~[m[K
[01m[K/opt/ros/melodic/include/ros/node_handle.h:529:14:[m[K [01;36m[Knote: [m[K  template argument deduction/substitution failed:
[01m[K/home/amov/catkin_ws/src/mission_offboard/src/mission_offboard.cpp:562:113:[m[K [01;31m[Kerror: [m[Ktemplate argument 1 is invalid
  ros::Subscriber wayRea_sub = nh.subscribe<mavros_msgs::WaypointReached>("/mavros/mission/reached", 1, wayRea_sb[01;31m[K)[m[K;
                                                                                                                 [01;31m[K^[m[K
In file included from [01m[K/opt/ros/melodic/include/ros/ros.h:45:0[m[K,
                 from [01m[K/home/amov/catkin_ws/src/mission_offboard/src/mission_offboard.cpp:429[m[K:
[01m[K/opt/ros/melodic/include/ros/node_handle.h:540:14:[m[K [01;36m[Knote: [m[Kcandidate: template<class M, class T> ros::Subscriber ros::NodeHandle::subscribe(const string&, uint32_t, void (T::*)(M) const, const boost::shared_ptr<U>&, const ros::TransportHints&)
   Subscriber [01;36m[Ksubscribe[m[K(const std::string& topic, uint32_t queue_size, void(T::*fp)(M) const,
              [01;36m[K^~~~~~~~~[m[K
[01m[K/opt/ros/melodic/include/ros/node_handle.h:540:14:[m[K [01;36m[Knote: [m[K  template argument deduction/substitution failed:
[01m[K/home/amov/catkin_ws/src/mission_offboard/src/mission_offboard.cpp:562:113:[m[K [01;31m[Kerror: [m[Ktemplate argument 1 is invalid
  ros::Subscriber wayRea_sub = nh.subscribe<mavros_msgs::WaypointReached>("/mavros/mission/reached", 1, wayRea_sb[01;31m[K)[m[K;
                                                                                                                 [01;31m[K^[m[K
In file included from [01m[K/opt/ros/melodic/include/ros/ros.h:45:0[m[K,
                 from [01m[K/home/amov/catkin_ws/src/mission_offboard/src/mission_offboard.cpp:429[m[K:
[01m[K/opt/ros/melodic/include/ros/node_handle.h:594:14:[m[K [01;36m[Knote: [m[Kcandidate: template<class M, class T> ros::Subscriber ros::NodeHandle::subscribe(const string&, uint32_t, void (T::*)(const boost::shared_ptr<const M>&), const boost::shared_ptr<U>&, const ros::TransportHints&)
   Subscriber [01;36m[Ksubscribe[m[K(const std::string& topic, uint32_t queue_size,
              [01;36m[K^~~~~~~~~[m[K
[01m[K/opt/ros/melodic/include/ros/node_handle.h:594:14:[m[K [01;36m[Knote: [m[K  template argument deduction/substitution failed:
[01m[K/home/amov/catkin_ws/src/mission_offboard/src/mission_offboard.cpp:562:113:[m[K [01;31m[Kerror: [m[Ktemplate argument 1 is invalid
  ros::Subscriber wayRea_sub = nh.subscribe<mavros_msgs::WaypointReached>("/mavros/mission/reached", 1, wayRea_sb[01;31m[K)[m[K;
                                                                                                                 [01;31m[K^[m[K
In file included from [01m[K/opt/ros/melodic/include/ros/ros.h:45:0[m[K,
                 from [01m[K/home/amov/catkin_ws/src/mission_offboard/src/mission_offboard.cpp:429[m[K:
[01m[K/opt/ros/melodic/include/ros/node_handle.h:605:14:[m[K [01;36m[Knote: [m[Kcandidate: template<class M, class T> ros::Subscriber ros::NodeHandle::subscribe(const string&, uint32_t, void (T::*)(const boost::shared_ptr<const M>&) const, const boost::shared_ptr<U>&, const ros::TransportHints&)
   Subscriber [01;36m[Ksubscribe[m[K(const std::string& topic, uint32_t queue_size,
              [01;36m[K^~~~~~~~~[m[K
[01m[K/opt/ros/melodic/include/ros/node_handle.h:605:14:[m[K [01;36m[Knote: [m[K  template argument deduction/substitution failed:
[01m[K/home/amov/catkin_ws/src/mission_offboard/src/mission_offboard.cpp:562:113:[m[K [01;31m[Kerror: [m[Ktemplate argument 1 is invalid
  ros::Subscriber wayRea_sub = nh.subscribe<mavros_msgs::WaypointReached>("/mavros/mission/reached", 1, wayRea_sb[01;31m[K)[m[K;
                                                                                                                 [01;31m[K^[m[K
In file included from [01m[K/opt/ros/melodic/include/ros/ros.h:45:0[m[K,
                 from [01m[K/home/amov/catkin_ws/src/mission_offboard/src/mission_offboard.cpp:429[m[K:
[01m[K/opt/ros/melodic/include/ros/node_handle.h:656:14:[m[K [01;36m[Knote: [m[Kcandidate: template<class M> ros::Subscriber ros::NodeHandle::subscribe(const string&, uint32_t, void (*)(M), const ros::TransportHints&)
   Subscriber [01;36m[Ksubscribe[m[K(const std::string& topic, uint32_t queue_size, void(*fp)(M), const TransportHints& transport_hints = TransportHints())
              [01;36m[K^~~~~~~~~[m[K
[01m[K/opt/ros/melodic/include/ros/node_handle.h:656:14:[m[K [01;36m[Knote: [m[K  template argument deduction/substitution failed:
[01m[K/home/amov/catkin_ws/src/mission_offboard/src/mission_offboard.cpp:562:113:[m[K [01;31m[Kerror: [m[Ktemplate argument 1 is invalid
  ros::Subscriber wayRea_sub = nh.subscribe<mavros_msgs::WaypointReached>("/mavros/mission/reached", 1, wayRea_sb[01;31m[K)[m[K;
                                                                                                                 [01;31m[K^[m[K
In file included from [01m[K/opt/ros/melodic/include/ros/ros.h:45:0[m[K,
                 from [01m[K/home/amov/catkin_ws/src/mission_offboard/src/mission_offboard.cpp:429[m[K:
[01m[K/opt/ros/melodic/include/ros/node_handle.h:704:14:[m[K [01;36m[Knote: [m[Kcandidate: template<class M> ros::Subscriber ros::NodeHandle::subscribe(const string&, uint32_t, void (*)(const boost::shared_ptr<const M>&), const ros::TransportHints&)
   Subscriber [01;36m[Ksubscribe[m[K(const std::string& topic, uint32_t queue_size, void(*fp)(const boost::shared_ptr<M const>&), const TransportHints& transport_hints = TransportHints())
              [01;36m[K^~~~~~~~~[m[K
[01m[K/opt/ros/melodic/include/ros/node_handle.h:704:14:[m[K [01;36m[Knote: [m[K  template argument deduction/substitution failed:
[01m[K/home/amov/catkin_ws/src/mission_offboard/src/mission_offboard.cpp:562:113:[m[K [01;31m[Kerror: [m[Ktemplate argument 1 is invalid
  ros::Subscriber wayRea_sub = nh.subscribe<mavros_msgs::WaypointReached>("/mavros/mission/reached", 1, wayRea_sb[01;31m[K)[m[K;
                                                                                                                 [01;31m[K^[m[K
In file included from [01m[K/opt/ros/melodic/include/ros/ros.h:45:0[m[K,
                 from [01m[K/home/amov/catkin_ws/src/mission_offboard/src/mission_offboard.cpp:429[m[K:
[01m[K/opt/ros/melodic/include/ros/node_handle.h:750:14:[m[K [01;36m[Knote: [m[Kcandidate: template<class M> ros::Subscriber ros::NodeHandle::subscribe(const string&, uint32_t, const boost::function<void(const boost::shared_ptr<const M>&)>&, const VoidConstPtr&, const ros::TransportHints&)
   Subscriber [01;36m[Ksubscribe[m[K(const std::string& topic, uint32_t queue_size, const boost::function<void (const boost::shared_ptr<M const>&)>& callback,
              [01;36m[K^~~~~~~~~[m[K
[01m[K/opt/ros/melodic/include/ros/node_handle.h:750:14:[m[K [01;36m[Knote: [m[K  template argument deduction/substitution failed:
[01m[K/home/amov/catkin_ws/src/mission_offboard/src/mission_offboard.cpp:562:113:[m[K [01;31m[Kerror: [m[Ktemplate argument 1 is invalid
  ros::Subscriber wayRea_sub = nh.subscribe<mavros_msgs::WaypointReached>("/mavros/mission/reached", 1, wayRea_sb[01;31m[K)[m[K;
                                                                                                                 [01;31m[K^[m[K
In file included from [01m[K/opt/ros/melodic/include/ros/ros.h:45:0[m[K,
                 from [01m[K/home/amov/catkin_ws/src/mission_offboard/src/mission_offboard.cpp:429[m[K:
[01m[K/opt/ros/melodic/include/ros/node_handle.h:799:14:[m[K [01;36m[Knote: [m[Kcandidate: template<class M, class C> ros::Subscriber ros::NodeHandle::subscribe(const string&, uint32_t, const boost::function<void(C)>&, const VoidConstPtr&, const ros::TransportHints&)
   Subscriber [01;36m[Ksubscribe[m[K(const std::string& topic, uint32_t queue_size, const boost::function<void (C)>& callback,
              [01;36m[K^~~~~~~~~[m[K
[01m[K/opt/ros/melodic/include/ros/node_handle.h:799:14:[m[K [01;36m[Knote: [m[K  template argument deduction/substitution failed:
[01m[K/home/amov/catkin_ws/src/mission_offboard/src/mission_offboard.cpp:562:113:[m[K [01;31m[Kerror: [m[Ktemplate argument 1 is invalid
  ros::Subscriber wayRea_sub = nh.subscribe<mavros_msgs::WaypointReached>("/mavros/mission/reached", 1, wayRea_sb[01;31m[K)[m[K;
                                                                                                                 [01;31m[K^[m[K
[01m[K/home/amov/catkin_ws/src/mission_offboard/src/mission_offboard.cpp:713:10:[m[K [01;31m[Kerror: [m[K‘[01m[KwayRea[m[K’ was not declared in this scope
     if  ([01;31m[KwayRea[m[K.wp_seq >= 6)
          [01;31m[K^~~~~~[m[K
[01m[K/home/amov/catkin_ws/src/mission_offboard/src/mission_offboard.cpp:713:10:[m[K [01;36m[Knote: [m[Ksuggested alternative: ‘[01m[KwayRea_sb[m[K’
     if  ([01;36m[KwayRea[m[K.wp_seq >= 6)
          [01;36m[K^~~~~~[m[K
          [32m[KwayRea_sb[m[K
make[2]: *** [CMakeFiles/mission_offboard.dir/src/mission_offboard.cpp.o] Error 1
make[1]: *** [CMakeFiles/mission_offboard.dir/all] Error 2
make: *** [all] Error 2
