[01m[K/home/amov/catkin_ws/src/mission_bombing/src/mission_bombing.cpp:[m[K In function ‘[01m[Kint main(int, char**)[m[K’:
[01m[K/home/amov/catkin_ws/src/mission_bombing/src/mission_bombing.cpp:941:53:[m[K [01;31m[Kerror: [m[Kconversion from ‘[01m[Kgeometry_msgs::Point_<std::allocator<void> >::_x_type {aka double}[m[K’ to non-scalar type ‘[01m[Kros::Subscriber[m[K’ requested
  ros::Subscriber plane_hud =  [01;31m[Kpose2.pose.position.x = 1.3[m[K; pose2.pose.position.y = 11.2; pose2.pose.position.z = 8;
                               [01;31m[K~~~~~~~~~~~~~~~~~~~~~~^~~~~[m[K
[01m[K/home/amov/catkin_ws/src/mission_bombing/src/mission_bombing.cpp:942:1:[m[K [01;31m[Kerror: [m[K‘[01m[Kent[m[K’ was not declared in this scope
 [01;31m[Kent[m[K = nh.serviceClient<mavros_msgs::CommandBool>("/mavros/cmd/arming");
 [01;31m[K^~~[m[K
[01m[K/home/amov/catkin_ws/src/mission_bombing/src/mission_bombing.cpp:942:1:[m[K [01;36m[Knote: [m[Ksuggested alternative: ‘[01m[Kint[m[K’
 [01;36m[Kent[m[K = nh.serviceClient<mavros_msgs::CommandBool>("/mavros/cmd/arming");
 [01;36m[K^~~[m[K
 [32m[Kint[m[K
[01m[K/home/amov/catkin_ws/src/mission_bombing/src/mission_bombing.cpp:971:3:[m[K [01;31m[Kerror: [m[K‘[01m[Ktarget_pos_pub[m[K’ was not declared in this scope
   [01;31m[Ktarget_pos_pub[m[K.publish(pose);
   [01;31m[K^~~~~~~~~~~~~~[m[K
[01m[K/home/amov/catkin_ws/src/mission_bombing/src/mission_bombing.cpp:1040:23:[m[K [01;31m[Kerror: [m[K‘[01m[Karming_client[m[K’ was not declared in this scope
                   if ([01;31m[Karming_client[m[K.call(arm_cmd) && arm_cmd.response.success)
                       [01;31m[K^~~~~~~~~~~~~[m[K
[01m[K/home/amov/catkin_ws/src/mission_bombing/src/mission_bombing.cpp:1040:23:[m[K [01;36m[Knote: [m[Ksuggested alternative: ‘[01m[Kset_mode_client[m[K’
                   if ([01;36m[Karming_client[m[K.call(arm_cmd) && arm_cmd.response.success)
                       [01;36m[K^~~~~~~~~~~~~[m[K
                       [32m[Kset_mode_client[m[K
[01m[K/home/amov/catkin_ws/src/mission_bombing/src/mission_bombing.cpp:1081:7:[m[K [01;31m[Kerror: [m[K‘[01m[Ktarget_pos_pub[m[K’ was not declared in this scope
       [01;31m[Ktarget_pos_pub[m[K.publish(choose_target(target));
       [01;31m[K^~~~~~~~~~~~~~[m[K
[01m[K/home/amov/catkin_ws/src/mission_bombing/src/mission_bombing.cpp:1107:8:[m[K [01;31m[Kerror: [m[K‘[01m[Ktarget_pos_pub[m[K’ was not declared in this scope
        [01;31m[Ktarget_pos_pub[m[K.publish(choose_target(target));
        [01;31m[K^~~~~~~~~~~~~~[m[K
make[2]: *** [CMakeFiles/mission_bombing.dir/src/mission_bombing.cpp.o] Error 1
make[1]: *** [CMakeFiles/mission_bombing.dir/all] Error 2
make: *** [all] Error 2
