[01m[K/home/amov/catkin_ws/src/mission_bombing/src/mission_bombing.cpp:[m[K In function ‘[01m[Kint main(int, char**)[m[K’:
[01m[K/home/amov/catkin_ws/src/mission_bombing/src/mission_bombing.cpp:582:22:[m[K [01;31m[Kerror: [m[Kuse of deleted function ‘[01m[Kstd::basic_ofstream<_CharT, _Traits>::basic_ofstream(const std::basic_ofstream<_CharT, _Traits>&) [with _CharT = char; _Traits = std::char_traits<char>][m[K’
 print(data,"in while"[01;31m[K)[m[K;
                      [01;31m[K^[m[K
In file included from [01m[K/home/amov/catkin_ws/src/mission_bombing/src/mission_bombing.cpp:441:0[m[K:
[01m[K/usr/include/c++/7/fstream:723:7:[m[K [01;36m[Knote: [m[Kdeclared here
       [01;36m[Kbasic_ofstream[m[K(const basic_ofstream&) = delete;
       [01;36m[K^~~~~~~~~~~~~~[m[K
[01m[K/home/amov/catkin_ws/src/mission_bombing/src/mission_bombing.cpp:500:6:[m[K [01;36m[Knote: [m[K  initializing argument 1 of ‘[01m[Kvoid print(std::ofstream, char*)[m[K’
 void [01;36m[Kprint[m[K(std::ofstream data,char * ch){
      [01;36m[K^~~~~[m[K
[01m[K/home/amov/catkin_ws/src/mission_bombing/src/mission_bombing.cpp:582:22:[m[K [01;35m[Kwarning: [m[KISO C++ forbids converting a string constant to ‘[01m[Kchar*[m[K’ [[01;35m[K-Wwrite-strings[m[K]
 print(data,"in while"[01;35m[K)[m[K;
                      [01;35m[K^[m[K
[01m[K/home/amov/catkin_ws/src/mission_bombing/src/mission_bombing.cpp:655:30:[m[K [01;31m[Kerror: [m[Kuse of deleted function ‘[01m[Kstd::basic_ofstream<_CharT, _Traits>::basic_ofstream(const std::basic_ofstream<_CharT, _Traits>&) [with _CharT = char; _Traits = std::char_traits<char>][m[K’
        print(data,"out of 30"[01;31m[K)[m[K;
                              [01;31m[K^[m[K
In file included from [01m[K/home/amov/catkin_ws/src/mission_bombing/src/mission_bombing.cpp:441:0[m[K:
[01m[K/usr/include/c++/7/fstream:723:7:[m[K [01;36m[Knote: [m[Kdeclared here
       [01;36m[Kbasic_ofstream[m[K(const basic_ofstream&) = delete;
       [01;36m[K^~~~~~~~~~~~~~[m[K
[01m[K/home/amov/catkin_ws/src/mission_bombing/src/mission_bombing.cpp:500:6:[m[K [01;36m[Knote: [m[K  initializing argument 1 of ‘[01m[Kvoid print(std::ofstream, char*)[m[K’
 void [01;36m[Kprint[m[K(std::ofstream data,char * ch){
      [01;36m[K^~~~~[m[K
[01m[K/home/amov/catkin_ws/src/mission_bombing/src/mission_bombing.cpp:655:30:[m[K [01;35m[Kwarning: [m[KISO C++ forbids converting a string constant to ‘[01m[Kchar*[m[K’ [[01;35m[K-Wwrite-strings[m[K]
        print(data,"out of 30"[01;35m[K)[m[K;
                              [01;35m[K^[m[K
[01m[K/home/amov/catkin_ws/src/mission_bombing/src/mission_bombing.cpp:663:38:[m[K [01;31m[Kerror: [m[Kuse of deleted function ‘[01m[Kstd::basic_ofstream<_CharT, _Traits>::basic_ofstream(const std::basic_ofstream<_CharT, _Traits>&) [with _CharT = char; _Traits = std::char_traits<char>][m[K’
         print(data,"about to bombing"[01;31m[K)[m[K;
                                      [01;31m[K^[m[K
In file included from [01m[K/home/amov/catkin_ws/src/mission_bombing/src/mission_bombing.cpp:441:0[m[K:
[01m[K/usr/include/c++/7/fstream:723:7:[m[K [01;36m[Knote: [m[Kdeclared here
       [01;36m[Kbasic_ofstream[m[K(const basic_ofstream&) = delete;
       [01;36m[K^~~~~~~~~~~~~~[m[K
[01m[K/home/amov/catkin_ws/src/mission_bombing/src/mission_bombing.cpp:500:6:[m[K [01;36m[Knote: [m[K  initializing argument 1 of ‘[01m[Kvoid print(std::ofstream, char*)[m[K’
 void [01;36m[Kprint[m[K(std::ofstream data,char * ch){
      [01;36m[K^~~~~[m[K
[01m[K/home/amov/catkin_ws/src/mission_bombing/src/mission_bombing.cpp:663:38:[m[K [01;35m[Kwarning: [m[KISO C++ forbids converting a string constant to ‘[01m[Kchar*[m[K’ [[01;35m[K-Wwrite-strings[m[K]
         print(data,"about to bombing"[01;35m[K)[m[K;
                                      [01;35m[K^[m[K
make[2]: *** [CMakeFiles/mission_bombing.dir/src/mission_bombing.cpp.o] Error 1
make[1]: *** [CMakeFiles/mission_bombing.dir/all] Error 2
make: *** [all] Error 2
