Performing C SOURCE FILE Test CMAKE_HAVE_LIBC_PTHREAD failed with the following output:
Change Dir: /home/amov/catkin_ws/build/mission_offboard/CMakeFiles/CMakeTmp

Run Build Command(s):/usr/bin/make -f Makefile cmTC_1d83f/fast && /usr/bin/make  -f CMakeFiles/cmTC_1d83f.dir/build.make CMakeFiles/cmTC_1d83f.dir/build
make[1]: 进入目录“/home/amov/catkin_ws/build/mission_offboard/CMakeFiles/CMakeTmp”
Building C object CMakeFiles/cmTC_1d83f.dir/src.c.o
/usr/bin/cc -DCMAKE_HAVE_LIBC_PTHREAD   -o CMakeFiles/cmTC_1d83f.dir/src.c.o -c /home/amov/catkin_ws/build/mission_offboard/CMakeFiles/CMakeTmp/src.c
Linking C executable cmTC_1d83f
/usr/local/bin/cmake -E cmake_link_script CMakeFiles/cmTC_1d83f.dir/link.txt --verbose=1
/usr/bin/cc -rdynamic CMakeFiles/cmTC_1d83f.dir/src.c.o -o cmTC_1d83f 
CMakeFiles/cmTC_1d83f.dir/src.c.o：在函数‘main’中：
src.c:(.text+0x48)：对‘pthread_create’未定义的引用
src.c:(.text+0x50)：对‘pthread_detach’未定义的引用
src.c:(.text+0x58)：对‘pthread_cancel’未定义的引用
src.c:(.text+0x64)：对‘pthread_join’未定义的引用
src.c:(.text+0x74)：对‘pthread_atfork’未定义的引用
collect2: error: ld returned 1 exit status
CMakeFiles/cmTC_1d83f.dir/build.make:98: recipe for target 'cmTC_1d83f' failed
make[1]: *** [cmTC_1d83f] Error 1
make[1]: 离开目录“/home/amov/catkin_ws/build/mission_offboard/CMakeFiles/CMakeTmp”
Makefile:127: recipe for target 'cmTC_1d83f/fast' failed
make: *** [cmTC_1d83f/fast] Error 2


Source file was:
#include <pthread.h>

static void* test_func(void* data)
{
  return data;
}

int main(void)
{
  pthread_t thread;
  pthread_create(&thread, NULL, test_func, NULL);
  pthread_detach(thread);
  pthread_cancel(thread);
  pthread_join(thread, NULL);
  pthread_atfork(NULL, NULL, NULL);
  pthread_exit(NULL);

  return 0;
}

Determining if the function pthread_create exists in the pthreads failed with the following output:
Change Dir: /home/amov/catkin_ws/build/mission_offboard/CMakeFiles/CMakeTmp

Run Build Command(s):/usr/bin/make -f Makefile cmTC_7022a/fast && /usr/bin/make  -f CMakeFiles/cmTC_7022a.dir/build.make CMakeFiles/cmTC_7022a.dir/build
make[1]: 进入目录“/home/amov/catkin_ws/build/mission_offboard/CMakeFiles/CMakeTmp”
Building C object CMakeFiles/cmTC_7022a.dir/CheckFunctionExists.c.o
/usr/bin/cc   -DCHECK_FUNCTION_EXISTS=pthread_create -o CMakeFiles/cmTC_7022a.dir/CheckFunctionExists.c.o -c /usr/local/share/cmake-3.23/Modules/CheckFunctionExists.c
Linking C executable cmTC_7022a
/usr/local/bin/cmake -E cmake_link_script CMakeFiles/cmTC_7022a.dir/link.txt --verbose=1
/usr/bin/cc  -DCHECK_FUNCTION_EXISTS=pthread_create -rdynamic CMakeFiles/cmTC_7022a.dir/CheckFunctionExists.c.o -o cmTC_7022a  -lpthreads 
/usr/bin/ld: 找不到 -lpthreads
collect2: error: ld returned 1 exit status
CMakeFiles/cmTC_7022a.dir/build.make:98: recipe for target 'cmTC_7022a' failed
make[1]: *** [cmTC_7022a] Error 1
make[1]: 离开目录“/home/amov/catkin_ws/build/mission_offboard/CMakeFiles/CMakeTmp”
Makefile:127: recipe for target 'cmTC_7022a/fast' failed
make: *** [cmTC_7022a/fast] Error 2



