[01m[K/home/amov/catkin_ws/src/flight/src/fly.cpp:[m[K In function ‘[01m[Kvoid position_transfer_write(geometry_msgs::PoseStamped)[m[K’:
[01m[K/home/amov/catkin_ws/src/flight/src/fly.cpp:64:51:[m[K [01;35m[Kwarning: [m[Knarrowing conversion of ‘[01m[Klocal_pos_transfer.geometry_msgs::PoseStamped_<std::allocator<void> >::pose.geometry_msgs::Pose_<std::allocator<void> >::position.geometry_msgs::Point_<std::allocator<void> >::x[m[K’ from ‘[01m[Kgeometry_msgs::Point_<std::allocator<void> >::_x_type {aka double}[m[K’ to ‘[01m[Kfloat[m[K’ inside { } [[01;35m[K-Wnarrowing[m[K]
  float data[] = {[01;35m[Klocal_pos_transfer.pose.position.x[m[K, local_pos_transfer.pose.position.y};
                  [01;35m[K~~~~~~~~~~~~~~~~~~~~~~~~~~~~~~~~~^[m[K
[01m[K/home/amov/catkin_ws/src/flight/src/fly.cpp:64:87:[m[K [01;35m[Kwarning: [m[Knarrowing conversion of ‘[01m[Klocal_pos_transfer.geometry_msgs::PoseStamped_<std::allocator<void> >::pose.geometry_msgs::Pose_<std::allocator<void> >::position.geometry_msgs::Point_<std::allocator<void> >::y[m[K’ from ‘[01m[Kgeometry_msgs::Point_<std::allocator<void> >::_y_type {aka double}[m[K’ to ‘[01m[Kfloat[m[K’ inside { } [[01;35m[K-Wnarrowing[m[K]
  float data[] = {local_pos_transfer.pose.position.x, [01;35m[Klocal_pos_transfer.pose.position.y[m[K};
                                                      [01;35m[K~~~~~~~~~~~~~~~~~~~~~~~~~~~~~~~~~^[m[K
[01m[K/home/amov/catkin_ws/src/flight/src/fly.cpp:[m[K In function ‘[01m[Kint main(int, char**)[m[K’:
[01m[K/home/amov/catkin_ws/src/flight/src/fly.cpp:311:19:[m[K [01;31m[Kerror: [m[K‘[01m[KintValue[m[K’ was not declared in this scope
      std::cout << [01;31m[KintValue[m[K << " " << floatValue1 << " " << floatValue2 << std::endl;
                   [01;31m[K^~~~~~~~[m[K
[01m[K/home/amov/catkin_ws/src/flight/src/fly.cpp:311:19:[m[K [01;36m[Knote: [m[Ksuggested alternative: ‘[01m[Kintmax_t[m[K’
      std::cout << [01;36m[KintValue[m[K << " " << floatValue1 << " " << floatValue2 << std::endl;
                   [01;36m[K^~~~~~~~[m[K
                   [32m[Kintmax_t[m[K
[01m[K/home/amov/catkin_ws/src/flight/src/fly.cpp:313:22:[m[K [01;31m[Kerror: [m[K‘[01m[KintValue[m[K’ was not declared in this scope
     } while (file >> [01;31m[KintValue[m[K >> floatValue1 >> floatValue2 && intValue != target_c);
                      [01;31m[K^~~~~~~~[m[K
[01m[K/home/amov/catkin_ws/src/flight/src/fly.cpp:313:22:[m[K [01;36m[Knote: [m[Ksuggested alternative: ‘[01m[Kintmax_t[m[K’
     } while (file >> [01;36m[KintValue[m[K >> floatValue1 >> floatValue2 && intValue != target_c);
                      [01;36m[K^~~~~~~~[m[K
                      [32m[Kintmax_t[m[K
[01m[K/home/amov/catkin_ws/src/flight/src/fly.cpp:325:4:[m[K [01;31m[Kerror: [m[Kjump to case label [[01;31m[K-fpermissive[m[K]
    [01;31m[Kdefault[m[K:
    [01;31m[K^~~~~~~[m[K
[01m[K/home/amov/catkin_ws/src/flight/src/fly.cpp:304:18:[m[K [01;36m[Knote: [m[K  crosses initialization of ‘[01m[Kstd::ifstream file[m[K’
    std::ifstream [01;36m[Kfile[m[K("/home/amov/Desktop/target.txt");
                  [01;36m[K^~~~[m[K
[01m[K/home/amov/catkin_ws/src/flight/src/fly.cpp:301:8:[m[K [01;36m[Knote: [m[K  crosses initialization of ‘[01m[Kint target_c[m[K’
    int [01;36m[Ktarget_c[m[K = 0;
        [01;36m[K^~~~~~~~[m[K
[01m[K/home/amov/catkin_ws/src/flight/src/fly.cpp:[m[K At global scope:
[01m[K/home/amov/catkin_ws/src/flight/src/fly.cpp:339:1:[m[K [01;31m[Kerror: [m[Kexpected declaration before ‘[01m[K}[m[K’ token
 [01;31m[K}[m[K
 [01;31m[K^[m[K
make[2]: *** [CMakeFiles/fly.dir/src/fly.cpp.o] Error 1
make[1]: *** [CMakeFiles/fly.dir/all] Error 2
make: *** [all] Error 2
