[01m[K/home/amov/catkin_ws/src/flight/src/fly.cpp:[m[K In function ‘[01m[Kint main(int, char**)[m[K’:
[01m[K/home/amov/catkin_ws/src/flight/src/fly.cpp:120:23:[m[K [01;31m[Kerror: [m[K‘[01m[Kgeometry_msgs::PoseStamped_<std::allocator<void> >::_pose_type {aka struct geometry_msgs::Pose_<std::allocator<void> >}[m[K’ has no member named ‘[01m[Kx[m[K’
      pose_origin.pose.[01;31m[Kx[m[K = local_pos.pose.x;
                       [01;31m[K^[m[K
[01m[K/home/amov/catkin_ws/src/flight/src/fly.cpp:120:42:[m[K [01;31m[Kerror: [m[K‘[01m[Kgeometry_msgs::PoseStamped_<std::allocator<void> >::_pose_type {aka struct geometry_msgs::Pose_<std::allocator<void> >}[m[K’ has no member named ‘[01m[Kx[m[K’
      pose_origin.pose.x = local_pos.pose.[01;31m[Kx[m[K;
                                          [01;31m[K^[m[K
[01m[K/home/amov/catkin_ws/src/flight/src/fly.cpp:121:23:[m[K [01;31m[Kerror: [m[K‘[01m[Kgeometry_msgs::PoseStamped_<std::allocator<void> >::_pose_type {aka struct geometry_msgs::Pose_<std::allocator<void> >}[m[K’ has no member named ‘[01m[Ky[m[K’
      pose_origin.pose.[01;31m[Ky[m[K = local_pos.pose.y;
                       [01;31m[K^[m[K
[01m[K/home/amov/catkin_ws/src/flight/src/fly.cpp:121:42:[m[K [01;31m[Kerror: [m[K‘[01m[Kgeometry_msgs::PoseStamped_<std::allocator<void> >::_pose_type {aka struct geometry_msgs::Pose_<std::allocator<void> >}[m[K’ has no member named ‘[01m[Ky[m[K’
      pose_origin.pose.y = local_pos.pose.[01;31m[Ky[m[K;
                                          [01;31m[K^[m[K
[01m[K/home/amov/catkin_ws/src/flight/src/fly.cpp:122:23:[m[K [01;31m[Kerror: [m[K‘[01m[Kgeometry_msgs::PoseStamped_<std::allocator<void> >::_pose_type {aka struct geometry_msgs::Pose_<std::allocator<void> >}[m[K’ has no member named ‘[01m[Kz[m[K’
      pose_origin.pose.[01;31m[Kz[m[K = local_pos.pose.z;
                       [01;31m[K^[m[K
[01m[K/home/amov/catkin_ws/src/flight/src/fly.cpp:122:42:[m[K [01;31m[Kerror: [m[K‘[01m[Kgeometry_msgs::PoseStamped_<std::allocator<void> >::_pose_type {aka struct geometry_msgs::Pose_<std::allocator<void> >}[m[K’ has no member named ‘[01m[Kz[m[K’
      pose_origin.pose.z = local_pos.pose.[01;31m[Kz[m[K;
                                          [01;31m[K^[m[K
make[2]: *** [CMakeFiles/fly.dir/src/fly.cpp.o] Error 1
make[1]: *** [CMakeFiles/fly.dir/all] Error 2
make: *** [all] Error 2
