[01m[K/home/amov/catkin_ws/src/flight/src/fly.cpp:[m[K In function ‘[01m[Kvoid local_pos_sb(const PoseStamped&)[m[K’:
[01m[K/home/amov/catkin_ws/src/flight/src/fly.cpp:72:14:[m[K [01;31m[Kerror: [m[Kno match for ‘[01m[Koperator*[m[K’ (operand type is ‘[01m[Kconst PoseStamped {aka const geometry_msgs::PoseStamped_<std::allocator<void> >}[m[K’)
  local_pos = [01;31m[K*msg[m[K;
              [01;31m[K^~~~[m[K
In file included from [01m[K/usr/include/boost/config/no_tr1/complex.hpp:21:0[m[K,
                 from [01m[K/usr/include/boost/math/policies/error_handling.hpp:17[m[K,
                 from [01m[K/usr/include/boost/math/special_functions/round.hpp:14[m[K,
                 from [01m[K/opt/ros/melodic/include/ros/time.h:58[m[K,
                 from [01m[K/opt/ros/melodic/include/ros/ros.h:38[m[K,
                 from [01m[K/home/amov/catkin_ws/src/flight/src/fly.cpp:1[m[K:
[01m[K/usr/include/c++/7/complex:404:5:[m[K [01;36m[Knote: [m[Kcandidate: template<class _Tp> std::complex<_Tp> std::operator*(const _Tp&, const std::complex<_Tp>&)
     [01;36m[Koperator[m[K*(const _Tp& __x, const complex<_Tp>& __y)
     [01;36m[K^~~~~~~~[m[K
[01m[K/usr/include/c++/7/complex:404:5:[m[K [01;36m[Knote: [m[K  template argument deduction/substitution failed:
[01m[K/home/amov/catkin_ws/src/flight/src/fly.cpp:72:15:[m[K [01;36m[Knote: [m[K  candidate expects 2 arguments, 1 provided
  local_pos = *[01;36m[Kmsg[m[K;
               [01;36m[K^~~[m[K
In file included from [01m[K/usr/include/boost/config/no_tr1/complex.hpp:21:0[m[K,
                 from [01m[K/usr/include/boost/math/policies/error_handling.hpp:17[m[K,
                 from [01m[K/usr/include/boost/math/special_functions/round.hpp:14[m[K,
                 from [01m[K/opt/ros/melodic/include/ros/time.h:58[m[K,
                 from [01m[K/opt/ros/melodic/include/ros/ros.h:38[m[K,
                 from [01m[K/home/amov/catkin_ws/src/flight/src/fly.cpp:1[m[K:
[01m[K/usr/include/c++/7/complex:395:5:[m[K [01;36m[Knote: [m[Kcandidate: template<class _Tp> std::complex<_Tp> std::operator*(const std::complex<_Tp>&, const _Tp&)
     [01;36m[Koperator[m[K*(const complex<_Tp>& __x, const _Tp& __y)
     [01;36m[K^~~~~~~~[m[K
[01m[K/usr/include/c++/7/complex:395:5:[m[K [01;36m[Knote: [m[K  template argument deduction/substitution failed:
[01m[K/home/amov/catkin_ws/src/flight/src/fly.cpp:72:15:[m[K [01;36m[Knote: [m[K  ‘[01m[Kconst PoseStamped {aka const geometry_msgs::PoseStamped_<std::allocator<void> >}[m[K’ is not derived from ‘[01m[Kconst std::complex<_Tp>[m[K’
  local_pos = *[01;36m[Kmsg[m[K;
               [01;36m[K^~~[m[K
In file included from [01m[K/usr/include/boost/config/no_tr1/complex.hpp:21:0[m[K,
                 from [01m[K/usr/include/boost/math/policies/error_handling.hpp:17[m[K,
                 from [01m[K/usr/include/boost/math/special_functions/round.hpp:14[m[K,
                 from [01m[K/opt/ros/melodic/include/ros/time.h:58[m[K,
                 from [01m[K/opt/ros/melodic/include/ros/ros.h:38[m[K,
                 from [01m[K/home/amov/catkin_ws/src/flight/src/fly.cpp:1[m[K:
[01m[K/usr/include/c++/7/complex:386:5:[m[K [01;36m[Knote: [m[Kcandidate: template<class _Tp> std::complex<_Tp> std::operator*(const std::complex<_Tp>&, const std::complex<_Tp>&)
     [01;36m[Koperator[m[K*(const complex<_Tp>& __x, const complex<_Tp>& __y)
     [01;36m[K^~~~~~~~[m[K
[01m[K/usr/include/c++/7/complex:386:5:[m[K [01;36m[Knote: [m[K  template argument deduction/substitution failed:
[01m[K/home/amov/catkin_ws/src/flight/src/fly.cpp:72:15:[m[K [01;36m[Knote: [m[K  ‘[01m[Kconst PoseStamped {aka const geometry_msgs::PoseStamped_<std::allocator<void> >}[m[K’ is not derived from ‘[01m[Kconst std::complex<_Tp>[m[K’
  local_pos = *[01;36m[Kmsg[m[K;
               [01;36m[K^~~[m[K
In file included from [01m[K/usr/include/boost/function/detail/maybe_include.hpp:18:0[m[K,
                 from [01m[K/usr/include/boost/function/detail/function_iterate.hpp:14[m[K,
                 from [01m[K/usr/include/boost/preprocessor/iteration/detail/iter/forward1.hpp:52[m[K,
                 from [01m[K/usr/include/boost/function.hpp:64[m[K,
                 from [01m[K/opt/ros/melodic/include/ros/forwards.h:40[m[K,
                 from [01m[K/opt/ros/melodic/include/ros/common.h:37[m[K,
                 from [01m[K/opt/ros/melodic/include/ros/ros.h:43[m[K,
                 from [01m[K/home/amov/catkin_ws/src/flight/src/fly.cpp:1[m[K:
/usr/include/boost/function/function_template.hpp: In instantiation of ‘[01m[Kstatic void boost::detail::function::void_function_invoker1<FunctionPtr, R, T0>::invoke(boost::detail::function::function_buffer&, T0) [with FunctionPtr = void (*)(const geometry_msgs::PoseStamped_<std::allocator<void> >&); R = void; T0 = const boost::shared_ptr<const geometry_msgs::PoseStamped_<std::allocator<void> > >&][m[K’:
[01m[K/usr/include/boost/function/function_template.hpp:925:38:[m[K   required from ‘[01m[Kvoid boost::function1<R, T1>::assign_to(Functor) [with Functor = void (*)(const geometry_msgs::PoseStamped_<std::allocator<void> >&); R = void; T0 = const boost::shared_ptr<const geometry_msgs::PoseStamped_<std::allocator<void> > >&][m[K’
[01m[K/usr/include/boost/function/function_template.hpp:716:7:[m[K   required from ‘[01m[Kboost::function1<R, T1>::function1(Functor, typename boost::enable_if_c<(! boost::is_integral<Functor>::value), int>::type) [with Functor = void (*)(const geometry_msgs::PoseStamped_<std::allocator<void> >&); R = void; T0 = const boost::shared_ptr<const geometry_msgs::PoseStamped_<std::allocator<void> > >&; typename boost::enable_if_c<(! boost::is_integral<Functor>::value), int>::type = int][m[K’
[01m[K/usr/include/boost/function/function_template.hpp:1061:16:[m[K   required from ‘[01m[Kboost::function<R(T0)>::function(Functor, typename boost::enable_if_c<(! boost::is_integral<Functor>::value), int>::type) [with Functor = void (*)(const geometry_msgs::PoseStamped_<std::allocator<void> >&); R = void; T0 = const boost::shared_ptr<const geometry_msgs::PoseStamped_<std::allocator<void> > >&; typename boost::enable_if_c<(! boost::is_integral<Functor>::value), int>::type = int][m[K’
[01m[K/home/amov/catkin_ws/src/flight/src/fly.cpp:84:135:[m[K   required from here
[01m[K/usr/include/boost/function/function_template.hpp:118:11:[m[K [01;31m[Kerror: [m[Kinvalid initialization of reference of type ‘[01m[Kconst geometry_msgs::PoseStamped_<std::allocator<void> >&[m[K’ from expression of type ‘[01m[Kconst boost::shared_ptr<const geometry_msgs::PoseStamped_<std::allocator<void> > >[m[K’
           [01;31m[KB[m[KOOST_FUNCTION_RETURN(f(BOOST_FUNCTION_ARGS));
           [01;31m[K^[m[K
make[2]: *** [CMakeFiles/fly.dir/src/fly.cpp.o] Error 1
make[1]: *** [CMakeFiles/fly.dir/all] Error 2
make: *** [all] Error 2
