[01m[K/home/amov/catkin_ws/src/mission_bombing/src/mission_bombing.cpp:[m[K In function ‘[01m[Kint main(int, char**)[m[K’:
[01m[K/home/amov/catkin_ws/src/mission_bombing/src/mission_bombing.cpp:581:17:[m[K [01;35m[Kwarning: [m[KISO C++ forbids converting a string constant to ‘[01m[Kchar*[m[K’ [[01;35m[K-Wwrite-strings[m[K]
 print("in while"[01;35m[K)[m[K;
                 [01;35m[K^[m[K
[01m[K/home/amov/catkin_ws/src/mission_bombing/src/mission_bombing.cpp:650:8:[m[K [01;31m[Kerror: [m[K‘[01m[Kdata[m[K’ was not declared in this scope
        [01;31m[Kdata[m[K<<"now distance >30\n";
        [01;31m[K^~~~[m[K
[01m[K/home/amov/catkin_ws/src/mission_bombing/src/mission_bombing.cpp:650:8:[m[K [01;36m[Knote: [m[Ksuggested alternative: ‘[01m[Krate[m[K’
        [01;36m[Kdata[m[K<<"now distance >30\n";
        [01;36m[K^~~~[m[K
        [32m[Krate[m[K
[01m[K/home/amov/catkin_ws/src/mission_bombing/src/mission_bombing.cpp:654:25:[m[K [01;35m[Kwarning: [m[KISO C++ forbids converting a string constant to ‘[01m[Kchar*[m[K’ [[01;35m[K-Wwrite-strings[m[K]
        print("out of 30"[01;35m[K)[m[K;
                         [01;35m[K^[m[K
[01m[K/home/amov/catkin_ws/src/mission_bombing/src/mission_bombing.cpp:658:8:[m[K [01;31m[Kerror: [m[K‘[01m[Kdata[m[K’ was not declared in this scope
        [01;31m[Kdata[m[K<<"distance < 30\n";
        [01;31m[K^~~~[m[K
[01m[K/home/amov/catkin_ws/src/mission_bombing/src/mission_bombing.cpp:658:8:[m[K [01;36m[Knote: [m[Ksuggested alternative: ‘[01m[Krate[m[K’
        [01;36m[Kdata[m[K<<"distance < 30\n";
        [01;36m[K^~~~[m[K
        [32m[Krate[m[K
[01m[K/home/amov/catkin_ws/src/mission_bombing/src/mission_bombing.cpp:662:33:[m[K [01;35m[Kwarning: [m[KISO C++ forbids converting a string constant to ‘[01m[Kchar*[m[K’ [[01;35m[K-Wwrite-strings[m[K]
         print("about to bombing"[01;35m[K)[m[K;
                                 [01;35m[K^[m[K
make[2]: *** [CMakeFiles/mission_bombing.dir/src/mission_bombing.cpp.o] Error 1
make[1]: *** [CMakeFiles/mission_bombing.dir/all] Error 2
make: *** [all] Error 2
