Performing C SOURCE FILE Test CMAKE_HAVE_LIBC_PTHREAD failed with the following output:
Change Dir: /home/amov/catkin_ws/build/mission_camera/CMakeFiles/CMakeTmp

Run Build Command(s):/usr/bin/make -f Makefile cmTC_8e1c6/fast && /usr/bin/make  -f CMakeFiles/cmTC_8e1c6.dir/build.make CMakeFiles/cmTC_8e1c6.dir/build
make[1]: 进入目录“/home/amov/catkin_ws/build/mission_camera/CMakeFiles/CMakeTmp”
Building C object CMakeFiles/cmTC_8e1c6.dir/src.c.o
/usr/bin/cc -DCMAKE_HAVE_LIBC_PTHREAD   -o CMakeFiles/cmTC_8e1c6.dir/src.c.o -c /home/amov/catkin_ws/build/mission_camera/CMakeFiles/CMakeTmp/src.c
Linking C executable cmTC_8e1c6
/usr/local/bin/cmake -E cmake_link_script CMakeFiles/cmTC_8e1c6.dir/link.txt --verbose=1
/usr/bin/cc -rdynamic CMakeFiles/cmTC_8e1c6.dir/src.c.o -o cmTC_8e1c6 
CMakeFiles/cmTC_8e1c6.dir/src.c.o：在函数‘main’中：
src.c:(.text+0x48)：对‘pthread_create’未定义的引用
src.c:(.text+0x50)：对‘pthread_detach’未定义的引用
src.c:(.text+0x58)：对‘pthread_cancel’未定义的引用
src.c:(.text+0x64)：对‘pthread_join’未定义的引用
src.c:(.text+0x74)：对‘pthread_atfork’未定义的引用
collect2: error: ld returned 1 exit status
CMakeFiles/cmTC_8e1c6.dir/build.make:98: recipe for target 'cmTC_8e1c6' failed
make[1]: *** [cmTC_8e1c6] Error 1
make[1]: 离开目录“/home/amov/catkin_ws/build/mission_camera/CMakeFiles/CMakeTmp”
Makefile:127: recipe for target 'cmTC_8e1c6/fast' failed
make: *** [cmTC_8e1c6/fast] Error 2


Source file was:
#include <pthread.h>

static void* test_func(void* data)
{
  return data;
}

int main(void)
{
  pthread_t thread;
  pthread_create(&thread, NULL, test_func, NULL);
  pthread_detach(thread);
  pthread_cancel(thread);
  pthread_join(thread, NULL);
  pthread_atfork(NULL, NULL, NULL);
  pthread_exit(NULL);

  return 0;
}

Determining if the function pthread_create exists in the pthreads failed with the following output:
Change Dir: /home/amov/catkin_ws/build/mission_camera/CMakeFiles/CMakeTmp

Run Build Command(s):/usr/bin/make -f Makefile cmTC_320b1/fast && /usr/bin/make  -f CMakeFiles/cmTC_320b1.dir/build.make CMakeFiles/cmTC_320b1.dir/build
make[1]: 进入目录“/home/amov/catkin_ws/build/mission_camera/CMakeFiles/CMakeTmp”
Building C object CMakeFiles/cmTC_320b1.dir/CheckFunctionExists.c.o
/usr/bin/cc   -DCHECK_FUNCTION_EXISTS=pthread_create -o CMakeFiles/cmTC_320b1.dir/CheckFunctionExists.c.o -c /usr/local/share/cmake-3.23/Modules/CheckFunctionExists.c
Linking C executable cmTC_320b1
/usr/local/bin/cmake -E cmake_link_script CMakeFiles/cmTC_320b1.dir/link.txt --verbose=1
/usr/bin/cc  -DCHECK_FUNCTION_EXISTS=pthread_create -rdynamic CMakeFiles/cmTC_320b1.dir/CheckFunctionExists.c.o -o cmTC_320b1  -lpthreads 
/usr/bin/ld: 找不到 -lpthreads
collect2: error: ld returned 1 exit status
CMakeFiles/cmTC_320b1.dir/build.make:98: recipe for target 'cmTC_320b1' failed
make[1]: *** [cmTC_320b1] Error 1
make[1]: 离开目录“/home/amov/catkin_ws/build/mission_camera/CMakeFiles/CMakeTmp”
Makefile:127: recipe for target 'cmTC_320b1/fast' failed
make: *** [cmTC_320b1/fast] Error 2



