[36m--[0m Using CATKIN_DEVEL_PREFIX: /home/amov/catkin_ws/devel/.private/video_publisher_cpp
[36m--[0m Using CMAKE_PREFIX_PATH: /home/amov/catkin_ws/devel;/home/amov/VINS_FUSION/devel;/home/amov/amovlab_ws/devel;/home/amov/rplidar_ws/devel;/home/amov/Prometheus/devel;/home/amov/realsense_ws/devel;/opt/ros/melodic
[36m--[0m This workspace overlays: /home/amov/catkin_ws/devel;/home/amov/VINS_FUSION/devel;/home/amov/amovlab_ws/devel;/home/amov/rplidar_ws/devel;/home/amov/Prometheus/devel;/home/amov/realsense_ws/devel;/opt/ros/melodic
[36m--[0m Found PythonInterp: /usr/bin/python2 (found suitable version "2.7.17", minimum required is "2")
[36m--[0m Using PYTHON_EXECUTABLE: /usr/bin/python2
[36m--[0m Using Debian Python package layout
[36m--[0m Using empy: /usr/bin/empy
[36m--[0m Using CATKIN_ENABLE_TESTING: ON
[36m--[0m Call enable_testing()
[36m--[0m Using CATKIN_TEST_RESULTS_DIR: /home/amov/catkin_ws/build/video_publisher_cpp/test_results
[36m--[0m Found gtest sources under '/usr/src/googletest': gtests will be built
[36m--[0m Found gmock sources under '/usr/src/googletest': gmock will be built
[0mCMake Deprecation Warning at /usr/src/googletest/CMakeLists.txt:1 (cmake_minimum_required):
  Compatibility with CMake < 2.8.12 will be removed from a future version of
  CMake.

  Update the VERSION argument <min> value or use a ...<max> suffix to tell
  CMake that the project does not need compatibility with older versions.

[0m
[0mCMake Deprecation Warning at /usr/src/googletest/googlemock/CMakeLists.txt:41 (cmake_minimum_required):
  Compatibility with CMake < 2.8.12 will be removed from a future version of
  CMake.

  Update the VERSION argument <min> value or use a ...<max> suffix to tell
  CMake that the project does not need compatibility with older versions.

[0m
[0mCMake Deprecation Warning at /usr/src/googletest/googletest/CMakeLists.txt:48 (cmake_minimum_required):
  Compatibility with CMake < 2.8.12 will be removed from a future version of
  CMake.

  Update the VERSION argument <min> value or use a ...<max> suffix to tell
  CMake that the project does not need compatibility with older versions.

[0m
[36m--[0m Found PythonInterp: /usr/bin/python2 (found version "2.7.17")
[36m--[0m Using Python nosetests: /usr/bin/nosetests-2.7
[36m--[0m catkin 0.7.28
[36m--[0m BUILD_SHARED_LIBS is on
[31mCMake Error at CMakeLists.txt:151 (target_link_libraries):
  Cannot specify link libraries for target "video_publisher" which is not
  built by this project.

[0m
[36m--[0m Configuring incomplete, errors occurred!
See also "/home/amov/catkin_ws/build/video_publisher_cpp/CMakeFiles/CMakeOutput.log".
See also "/home/amov/catkin_ws/build/video_publisher_cpp/CMakeFiles/CMakeError.log".
Makefile:715: recipe for target 'cmake_check_build_system' failed
make: *** [cmake_check_build_system] Error 1
