[ 50%] [32mBuilding CXX object CMakeFiles/video_publisher_node.dir/src/video_publisher_node.cpp.o[0m
[100%] [32m[1mLinking CXX executable /home/amov/catkin_ws/devel/.private/video_publisher_cpp/lib/video_publisher_cpp/video_publisher_node[0m
CMakeFiles/video_publisher_node.dir/src/video_publisher_node.cpp.o: In function `main':
video_publisher_node.cpp:(.text+0x5c): undefined reference to `ros::init(int&, char**, std::__cxx11::basic_string<char, std::char_traits<char>, std::allocator<char> > const&, unsigned int)'
video_publisher_node.cpp:(.text+0xa0): undefined reference to `ros::NodeHandle::NodeHandle(std::__cxx11::basic_string<char, std::char_traits<char>, std::allocator<char> > const&, std::map<std::__cxx11::basic_string<char, std::char_traits<char>, std::allocator<char> >, std::__cxx11::basic_string<char, std::char_traits<char>, std::allocator<char> >, std::less<std::__cxx11::basic_string<char, std::char_traits<char>, std::allocator<char> > >, std::allocator<std::pair<std::__cxx11::basic_string<char, std::char_traits<char>, std::allocator<char> > const, std::__cxx11::basic_string<char, std::char_traits<char>, std::allocator<char> > > > > const&)'
video_publisher_node.cpp:(.text+0x104): undefined reference to `ros::Rate::Rate(double)'
video_publisher_node.cpp:(.text+0x110): undefined reference to `cv::VideoCapture::VideoCapture(int)'
video_publisher_node.cpp:(.text+0x114): undefined reference to `ros::ok()'
video_publisher_node.cpp:(.text+0x12c): undefined reference to `cv::VideoCapture::operator>>(cv::Mat&)'
video_publisher_node.cpp:(.text+0x130): undefined reference to `cv::VideoCapture::operator>>(cv::Mat&)'
video_publisher_node.cpp:(.text+0x1a0): undefined reference to `cv_bridge::CvImage::toImageMsg() const'
video_publisher_node.cpp:(.text+0x1d8): undefined reference to `ros::spinOnce()'
video_publisher_node.cpp:(.text+0x1e0): undefined reference to `ros::Rate::sleep()'
video_publisher_node.cpp:(.text+0x1f4): undefined reference to `cv::VideoCapture::release()'
video_publisher_node.cpp:(.text+0x200): undefined reference to `cv::VideoCapture::~VideoCapture()'
video_publisher_node.cpp:(.text+0x210): undefined reference to `ros::Publisher::~Publisher()'
video_publisher_node.cpp:(.text+0x218): undefined reference to `ros::NodeHandle::~NodeHandle()'
video_publisher_node.cpp:(.text+0x300): undefined reference to `cv::VideoCapture::~VideoCapture()'
video_publisher_node.cpp:(.text+0x320): undefined reference to `ros::Publisher::~Publisher()'
video_publisher_node.cpp:(.text+0x328): undefined reference to `ros::NodeHandle::~NodeHandle()'
CMakeFiles/video_publisher_node.dir/src/video_publisher_node.cpp.o: In function `cv::String::~String()':
video_publisher_node.cpp:(.text._ZN2cv6StringD2Ev[_ZN2cv6StringD5Ev]+0x10): undefined reference to `cv::String::deallocate()'
CMakeFiles/video_publisher_node.dir/src/video_publisher_node.cpp.o: In function `cv::String::operator=(cv::String const&)':
video_publisher_node.cpp:(.text._ZN2cv6StringaSERKS0_[_ZN2cv6StringaSERKS0_]+0x2c): undefined reference to `cv::String::deallocate()'
CMakeFiles/video_publisher_node.dir/src/video_publisher_node.cpp.o: In function `cv::Mat::Mat(cv::Mat const&)':
video_publisher_node.cpp:(.text._ZN2cv3MatC2ERKS0_[_ZN2cv3MatC5ERKS0_]+0x190): undefined reference to `cv::Mat::copySize(cv::Mat const&)'
CMakeFiles/video_publisher_node.dir/src/video_publisher_node.cpp.o: In function `cv::Mat::~Mat()':
video_publisher_node.cpp:(.text._ZN2cv3MatD2Ev[_ZN2cv3MatD5Ev]+0x34): undefined reference to `cv::fastFree(void*)'
CMakeFiles/video_publisher_node.dir/src/video_publisher_node.cpp.o: In function `cv::Mat::release()':
video_publisher_node.cpp:(.text._ZN2cv3Mat7releaseEv[_ZN2cv3Mat7releaseEv]+0x58): undefined reference to `cv::Mat::deallocate()'
CMakeFiles/video_publisher_node.dir/src/video_publisher_node.cpp.o: In function `ros::Publisher ros::NodeHandle::advertise<sensor_msgs::Image_<std::allocator<void> > >(std::__cxx11::basic_string<char, std::char_traits<char>, std::allocator<char> > const&, unsigned int, bool)':
video_publisher_node.cpp:(.text._ZN3ros10NodeHandle9advertiseIN11sensor_msgs6Image_ISaIvEEEEENS_9PublisherERKNSt7__cxx1112basic_stringIcSt11char_traitsIcESaIcEEEjb[_ZN3ros10NodeHandle9advertiseIN11sensor_msgs6Image_ISaIvEEEEENS_9PublisherERKNSt7__cxx1112basic_stringIcSt11char_traitsIcESaIcEEEjb]+0x94): undefined reference to `ros::NodeHandle::advertise(ros::AdvertiseOptions&)'
CMakeFiles/video_publisher_node.dir/src/video_publisher_node.cpp.o: In function `void ros::Publisher::publish<sensor_msgs::Image_<std::allocator<void> > >(boost::shared_ptr<sensor_msgs::Image_<std::allocator<void> > > const&) const':
video_publisher_node.cpp:(.text._ZNK3ros9Publisher7publishIN11sensor_msgs6Image_ISaIvEEEEEvRKN5boost10shared_ptrIT_EE[_ZNK3ros9Publisher7publishIN11sensor_msgs6Image_ISaIvEEEEEvRKN5boost10shared_ptrIT_EE]+0x48): undefined reference to `ros::console::g_initialized'
video_publisher_node.cpp:(.text._ZNK3ros9Publisher7publishIN11sensor_msgs6Image_ISaIvEEEEEvRKN5boost10shared_ptrIT_EE[_ZNK3ros9Publisher7publishIN11sensor_msgs6Image_ISaIvEEEEEvRKN5boost10shared_ptrIT_EE]+0x4c): undefined reference to `ros::console::g_initialized'
video_publisher_node.cpp:(.text._ZNK3ros9Publisher7publishIN11sensor_msgs6Image_ISaIvEEEEEvRKN5boost10shared_ptrIT_EE[_ZNK3ros9Publisher7publishIN11sensor_msgs6Image_ISaIvEEEEEvRKN5boost10shared_ptrIT_EE]+0x68): undefined reference to `ros::console::initialize()'
video_publisher_node.cpp:(.text._ZNK3ros9Publisher7publishIN11sensor_msgs6Image_ISaIvEEEEEvRKN5boost10shared_ptrIT_EE[_ZNK3ros9Publisher7publishIN11sensor_msgs6Image_ISaIvEEEEEvRKN5boost10shared_ptrIT_EE]+0xb8): undefined reference to `ros::console::initializeLogLocation(ros::console::LogLocation*, std::__cxx11::basic_string<char, std::char_traits<char>, std::allocator<char> > const&, ros::console::levels::Level)'
video_publisher_node.cpp:(.text._ZNK3ros9Publisher7publishIN11sensor_msgs6Image_ISaIvEEEEEvRKN5boost10shared_ptrIT_EE[_ZNK3ros9Publisher7publishIN11sensor_msgs6Image_ISaIvEEEEEvRKN5boost10shared_ptrIT_EE]+0xfc): undefined reference to `ros::console::setLogLocationLevel(ros::console::LogLocation*, ros::console::levels::Level)'
video_publisher_node.cpp:(.text._ZNK3ros9Publisher7publishIN11sensor_msgs6Image_ISaIvEEEEEvRKN5boost10shared_ptrIT_EE[_ZNK3ros9Publisher7publishIN11sensor_msgs6Image_ISaIvEEEEEvRKN5boost10shared_ptrIT_EE]+0x108): undefined reference to `ros::console::checkLogLocationEnabled(ros::console::LogLocation*)'
video_publisher_node.cpp:(.text._ZNK3ros9Publisher7publishIN11sensor_msgs6Image_ISaIvEEEEEvRKN5boost10shared_ptrIT_EE[_ZNK3ros9Publisher7publishIN11sensor_msgs6Image_ISaIvEEEEEvRKN5boost10shared_ptrIT_EE]+0x18c): undefined reference to `ros::console::print(ros::console::FilterBase*, void*, ros::console::levels::Level, char const*, int, char const*, char const*, ...)'
video_publisher_node.cpp:(.text._ZNK3ros9Publisher7publishIN11sensor_msgs6Image_ISaIvEEEEEvRKN5boost10shared_ptrIT_EE[_ZNK3ros9Publisher7publishIN11sensor_msgs6Image_ISaIvEEEEEvRKN5boost10shared_ptrIT_EE]+0x190): undefined reference to `ros::console::g_initialized'
video_publisher_node.cpp:(.text._ZNK3ros9Publisher7publishIN11sensor_msgs6Image_ISaIvEEEEEvRKN5boost10shared_ptrIT_EE[_ZNK3ros9Publisher7publishIN11sensor_msgs6Image_ISaIvEEEEEvRKN5boost10shared_ptrIT_EE]+0x194): undefined reference to `ros::console::g_initialized'
video_publisher_node.cpp:(.text._ZNK3ros9Publisher7publishIN11sensor_msgs6Image_ISaIvEEEEEvRKN5boost10shared_ptrIT_EE[_ZNK3ros9Publisher7publishIN11sensor_msgs6Image_ISaIvEEEEEvRKN5boost10shared_ptrIT_EE]+0x1b0): undefined reference to `ros::console::initialize()'
video_publisher_node.cpp:(.text._ZNK3ros9Publisher7publishIN11sensor_msgs6Image_ISaIvEEEEEvRKN5boost10shared_ptrIT_EE[_ZNK3ros9Publisher7publishIN11sensor_msgs6Image_ISaIvEEEEEvRKN5boost10shared_ptrIT_EE]+0x200): undefined reference to `ros::console::initializeLogLocation(ros::console::LogLocation*, std::__cxx11::basic_string<char, std::char_traits<char>, std::allocator<char> > const&, ros::console::levels::Level)'
video_publisher_node.cpp:(.text._ZNK3ros9Publisher7publishIN11sensor_msgs6Image_ISaIvEEEEEvRKN5boost10shared_ptrIT_EE[_ZNK3ros9Publisher7publishIN11sensor_msgs6Image_ISaIvEEEEEvRKN5boost10shared_ptrIT_EE]+0x244): undefined reference to `ros::console::setLogLocationLevel(ros::console::LogLocation*, ros::console::levels::Level)'
video_publisher_node.cpp:(.text._ZNK3ros9Publisher7publishIN11sensor_msgs6Image_ISaIvEEEEEvRKN5boost10shared_ptrIT_EE[_ZNK3ros9Publisher7publishIN11sensor_msgs6Image_ISaIvEEEEEvRKN5boost10shared_ptrIT_EE]+0x250): undefined reference to `ros::console::checkLogLocationEnabled(ros::console::LogLocation*)'
video_publisher_node.cpp:(.text._ZNK3ros9Publisher7publishIN11sensor_msgs6Image_ISaIvEEEEEvRKN5boost10shared_ptrIT_EE[_ZNK3ros9Publisher7publishIN11sensor_msgs6Image_ISaIvEEEEEvRKN5boost10shared_ptrIT_EE]+0x2b8): undefined reference to `ros::console::print(ros::console::FilterBase*, void*, ros::console::levels::Level, char const*, int, char const*, char const*, ...)'
video_publisher_node.cpp:(.text._ZNK3ros9Publisher7publishIN11sensor_msgs6Image_ISaIvEEEEEvRKN5boost10shared_ptrIT_EE[_ZNK3ros9Publisher7publishIN11sensor_msgs6Image_ISaIvEEEEEvRKN5boost10shared_ptrIT_EE]+0x2bc): undefined reference to `ros::console::g_initialized'
video_publisher_node.cpp:(.text._ZNK3ros9Publisher7publishIN11sensor_msgs6Image_ISaIvEEEEEvRKN5boost10shared_ptrIT_EE[_ZNK3ros9Publisher7publishIN11sensor_msgs6Image_ISaIvEEEEEvRKN5boost10shared_ptrIT_EE]+0x2c0): undefined reference to `ros::console::g_initialized'
video_publisher_node.cpp:(.text._ZNK3ros9Publisher7publishIN11sensor_msgs6Image_ISaIvEEEEEvRKN5boost10shared_ptrIT_EE[_ZNK3ros9Publisher7publishIN11sensor_msgs6Image_ISaIvEEEEEvRKN5boost10shared_ptrIT_EE]+0x2dc): undefined reference to `ros::console::initialize()'
video_publisher_node.cpp:(.text._ZNK3ros9Publisher7publishIN11sensor_msgs6Image_ISaIvEEEEEvRKN5boost10shared_ptrIT_EE[_ZNK3ros9Publisher7publishIN11sensor_msgs6Image_ISaIvEEEEEvRKN5boost10shared_ptrIT_EE]+0x32c): undefined reference to `ros::console::initializeLogLocation(ros::console::LogLocation*, std::__cxx11::basic_string<char, std::char_traits<char>, std::allocator<char> > const&, ros::console::levels::Level)'
video_publisher_node.cpp:(.text._ZNK3ros9Publisher7publishIN11sensor_msgs6Image_ISaIvEEEEEvRKN5boost10shared_ptrIT_EE[_ZNK3ros9Publisher7publishIN11sensor_msgs6Image_ISaIvEEEEEvRKN5boost10shared_ptrIT_EE]+0x370): undefined reference to `ros::console::setLogLocationLevel(ros::console::LogLocation*, ros::console::levels::Level)'
video_publisher_node.cpp:(.text._ZNK3ros9Publisher7publishIN11sensor_msgs6Image_ISaIvEEEEEvRKN5boost10shared_ptrIT_EE[_ZNK3ros9Publisher7publishIN11sensor_msgs6Image_ISaIvEEEEEvRKN5boost10shared_ptrIT_EE]+0x37c): undefined reference to `ros::console::checkLogLocationEnabled(ros::console::LogLocation*)'
video_publisher_node.cpp:(.text._ZNK3ros9Publisher7publishIN11sensor_msgs6Image_ISaIvEEEEEvRKN5boost10shared_ptrIT_EE[_ZNK3ros9Publisher7publishIN11sensor_msgs6Image_ISaIvEEEEEvRKN5boost10shared_ptrIT_EE]+0x3e4): undefined reference to `ros::console::print(ros::console::FilterBase*, void*, ros::console::levels::Level, char const*, int, char const*, char const*, ...)'
video_publisher_node.cpp:(.text._ZNK3ros9Publisher7publishIN11sensor_msgs6Image_ISaIvEEEEEvRKN5boost10shared_ptrIT_EE[_ZNK3ros9Publisher7publishIN11sensor_msgs6Image_ISaIvEEEEEvRKN5boost10shared_ptrIT_EE]+0x3f4): undefined reference to `ros::Publisher::Impl::isValid() const'
video_publisher_node.cpp:(.text._ZNK3ros9Publisher7publishIN11sensor_msgs6Image_ISaIvEEEEEvRKN5boost10shared_ptrIT_EE[_ZNK3ros9Publisher7publishIN11sensor_msgs6Image_ISaIvEEEEEvRKN5boost10shared_ptrIT_EE]+0x40c): undefined reference to `ros::console::g_initialized'
video_publisher_node.cpp:(.text._ZNK3ros9Publisher7publishIN11sensor_msgs6Image_ISaIvEEEEEvRKN5boost10shared_ptrIT_EE[_ZNK3ros9Publisher7publishIN11sensor_msgs6Image_ISaIvEEEEEvRKN5boost10shared_ptrIT_EE]+0x410): undefined reference to `ros::console::g_initialized'
video_publisher_node.cpp:(.text._ZNK3ros9Publisher7publishIN11sensor_msgs6Image_ISaIvEEEEEvRKN5boost10shared_ptrIT_EE[_ZNK3ros9Publisher7publishIN11sensor_msgs6Image_ISaIvEEEEEvRKN5boost10shared_ptrIT_EE]+0x42c): undefined reference to `ros::console::initialize()'
video_publisher_node.cpp:(.text._ZNK3ros9Publisher7publishIN11sensor_msgs6Image_ISaIvEEEEEvRKN5boost10shared_ptrIT_EE[_ZNK3ros9Publisher7publishIN11sensor_msgs6Image_ISaIvEEEEEvRKN5boost10shared_ptrIT_EE]+0x47c): undefined reference to `ros::console::initializeLogLocation(ros::console::LogLocation*, std::__cxx11::basic_string<char, std::char_traits<char>, std::allocator<char> > const&, ros::console::levels::Level)'
video_publisher_node.cpp:(.text._ZNK3ros9Publisher7publishIN11sensor_msgs6Image_ISaIvEEEEEvRKN5boost10shared_ptrIT_EE[_ZNK3ros9Publisher7publishIN11sensor_msgs6Image_ISaIvEEEEEvRKN5boost10shared_ptrIT_EE]+0x4c0): undefined reference to `ros::console::setLogLocationLevel(ros::console::LogLocation*, ros::console::levels::Level)'
video_publisher_node.cpp:(.text._ZNK3ros9Publisher7publishIN11sensor_msgs6Image_ISaIvEEEEEvRKN5boost10shared_ptrIT_EE[_ZNK3ros9Publisher7publishIN11sensor_msgs6Image_ISaIvEEEEEvRKN5boost10shared_ptrIT_EE]+0x4cc): undefined reference to `ros::console::checkLogLocationEnabled(ros::console::LogLocation*)'
video_publisher_node.cpp:(.text._ZNK3ros9Publisher7publishIN11sensor_msgs6Image_ISaIvEEEEEvRKN5boost10shared_ptrIT_EE[_ZNK3ros9Publisher7publishIN11sensor_msgs6Image_ISaIvEEEEEvRKN5boost10shared_ptrIT_EE]+0x550): undefined reference to `ros::console::print(ros::console::FilterBase*, void*, ros::console::levels::Level, char const*, int, char const*, char const*, ...)'
video_publisher_node.cpp:(.text._ZNK3ros9Publisher7publishIN11sensor_msgs6Image_ISaIvEEEEEvRKN5boost10shared_ptrIT_EE[_ZNK3ros9Publisher7publishIN11sensor_msgs6Image_ISaIvEEEEEvRKN5boost10shared_ptrIT_EE]+0x554): undefined reference to `ros::console::g_initialized'
video_publisher_node.cpp:(.text._ZNK3ros9Publisher7publishIN11sensor_msgs6Image_ISaIvEEEEEvRKN5boost10shared_ptrIT_EE[_ZNK3ros9Publisher7publishIN11sensor_msgs6Image_ISaIvEEEEEvRKN5boost10shared_ptrIT_EE]+0x558): undefined reference to `ros::console::g_initialized'
video_publisher_node.cpp:(.text._ZNK3ros9Publisher7publishIN11sensor_msgs6Image_ISaIvEEEEEvRKN5boost10shared_ptrIT_EE[_ZNK3ros9Publisher7publishIN11sensor_msgs6Image_ISaIvEEEEEvRKN5boost10shared_ptrIT_EE]+0x574): undefined reference to `ros::console::initialize()'
video_publisher_node.cpp:(.text._ZNK3ros9Publisher7publishIN11sensor_msgs6Image_ISaIvEEEEEvRKN5boost10shared_ptrIT_EE[_ZNK3ros9Publisher7publishIN11sensor_msgs6Image_ISaIvEEEEEvRKN5boost10shared_ptrIT_EE]+0x5c4): undefined reference to `ros::console::initializeLogLocation(ros::console::LogLocation*, std::__cxx11::basic_string<char, std::char_traits<char>, std::allocator<char> > const&, ros::console::levels::Level)'
video_publisher_node.cpp:(.text._ZNK3ros9Publisher7publishIN11sensor_msgs6Image_ISaIvEEEEEvRKN5boost10shared_ptrIT_EE[_ZNK3ros9Publisher7publishIN11sensor_msgs6Image_ISaIvEEEEEvRKN5boost10shared_ptrIT_EE]+0x608): undefined reference to `ros::console::setLogLocationLevel(ros::console::LogLocation*, ros::console::levels::Level)'
video_publisher_node.cpp:(.text._ZNK3ros9Publisher7publishIN11sensor_msgs6Image_ISaIvEEEEEvRKN5boost10shared_ptrIT_EE[_ZNK3ros9Publisher7publishIN11sensor_msgs6Image_ISaIvEEEEEvRKN5boost10shared_ptrIT_EE]+0x614): undefined reference to `ros::console::checkLogLocationEnabled(ros::console::LogLocation*)'
video_publisher_node.cpp:(.text._ZNK3ros9Publisher7publishIN11sensor_msgs6Image_ISaIvEEEEEvRKN5boost10shared_ptrIT_EE[_ZNK3ros9Publisher7publishIN11sensor_msgs6Image_ISaIvEEEEEvRKN5boost10shared_ptrIT_EE]+0x698): undefined reference to `ros::console::print(ros::console::FilterBase*, void*, ros::console::levels::Level, char const*, int, char const*, char const*, ...)'
video_publisher_node.cpp:(.text._ZNK3ros9Publisher7publishIN11sensor_msgs6Image_ISaIvEEEEEvRKN5boost10shared_ptrIT_EE[_ZNK3ros9Publisher7publishIN11sensor_msgs6Image_ISaIvEEEEEvRKN5boost10shared_ptrIT_EE]+0x69c): undefined reference to `ros::console::g_initialized'
video_publisher_node.cpp:(.text._ZNK3ros9Publisher7publishIN11sensor_msgs6Image_ISaIvEEEEEvRKN5boost10shared_ptrIT_EE[_ZNK3ros9Publisher7publishIN11sensor_msgs6Image_ISaIvEEEEEvRKN5boost10shared_ptrIT_EE]+0x6a0): undefined reference to `ros::console::g_initialized'
video_publisher_node.cpp:(.text._ZNK3ros9Publisher7publishIN11sensor_msgs6Image_ISaIvEEEEEvRKN5boost10shared_ptrIT_EE[_ZNK3ros9Publisher7publishIN11sensor_msgs6Image_ISaIvEEEEEvRKN5boost10shared_ptrIT_EE]+0x6bc): undefined reference to `ros::console::initialize()'
video_publisher_node.cpp:(.text._ZNK3ros9Publisher7publishIN11sensor_msgs6Image_ISaIvEEEEEvRKN5boost10shared_ptrIT_EE[_ZNK3ros9Publisher7publishIN11sensor_msgs6Image_ISaIvEEEEEvRKN5boost10shared_ptrIT_EE]+0x70c): undefined reference to `ros::console::initializeLogLocation(ros::console::LogLocation*, std::__cxx11::basic_string<char, std::char_traits<char>, std::allocator<char> > const&, ros::console::levels::Level)'
video_publisher_node.cpp:(.text._ZNK3ros9Publisher7publishIN11sensor_msgs6Image_ISaIvEEEEEvRKN5boost10shared_ptrIT_EE[_ZNK3ros9Publisher7publishIN11sensor_msgs6Image_ISaIvEEEEEvRKN5boost10shared_ptrIT_EE]+0x750): undefined reference to `ros::console::setLogLocationLevel(ros::console::LogLocation*, ros::console::levels::Level)'
video_publisher_node.cpp:(.text._ZNK3ros9Publisher7publishIN11sensor_msgs6Image_ISaIvEEEEEvRKN5boost10shared_ptrIT_EE[_ZNK3ros9Publisher7publishIN11sensor_msgs6Image_ISaIvEEEEEvRKN5boost10shared_ptrIT_EE]+0x75c): undefined reference to `ros::console::checkLogLocationEnabled(ros::console::LogLocation*)'
video_publisher_node.cpp:(.text._ZNK3ros9Publisher7publishIN11sensor_msgs6Image_ISaIvEEEEEvRKN5boost10shared_ptrIT_EE[_ZNK3ros9Publisher7publishIN11sensor_msgs6Image_ISaIvEEEEEvRKN5boost10shared_ptrIT_EE]+0x7c4): undefined reference to `ros::console::print(ros::console::FilterBase*, void*, ros::console::levels::Level, char const*, int, char const*, char const*, ...)'
video_publisher_node.cpp:(.text._ZNK3ros9Publisher7publishIN11sensor_msgs6Image_ISaIvEEEEEvRKN5boost10shared_ptrIT_EE[_ZNK3ros9Publisher7publishIN11sensor_msgs6Image_ISaIvEEEEEvRKN5boost10shared_ptrIT_EE]+0x8cc): undefined reference to `ros::console::g_initialized'
video_publisher_node.cpp:(.text._ZNK3ros9Publisher7publishIN11sensor_msgs6Image_ISaIvEEEEEvRKN5boost10shared_ptrIT_EE[_ZNK3ros9Publisher7publishIN11sensor_msgs6Image_ISaIvEEEEEvRKN5boost10shared_ptrIT_EE]+0x8d0): undefined reference to `ros::console::g_initialized'
video_publisher_node.cpp:(.text._ZNK3ros9Publisher7publishIN11sensor_msgs6Image_ISaIvEEEEEvRKN5boost10shared_ptrIT_EE[_ZNK3ros9Publisher7publishIN11sensor_msgs6Image_ISaIvEEEEEvRKN5boost10shared_ptrIT_EE]+0x8ec): undefined reference to `ros::console::initialize()'
video_publisher_node.cpp:(.text._ZNK3ros9Publisher7publishIN11sensor_msgs6Image_ISaIvEEEEEvRKN5boost10shared_ptrIT_EE[_ZNK3ros9Publisher7publishIN11sensor_msgs6Image_ISaIvEEEEEvRKN5boost10shared_ptrIT_EE]+0x93c): undefined reference to `ros::console::initializeLogLocation(ros::console::LogLocation*, std::__cxx11::basic_string<char, std::char_traits<char>, std::allocator<char> > const&, ros::console::levels::Level)'
video_publisher_node.cpp:(.text._ZNK3ros9Publisher7publishIN11sensor_msgs6Image_ISaIvEEEEEvRKN5boost10shared_ptrIT_EE[_ZNK3ros9Publisher7publishIN11sensor_msgs6Image_ISaIvEEEEEvRKN5boost10shared_ptrIT_EE]+0x980): undefined reference to `ros::console::setLogLocationLevel(ros::console::LogLocation*, ros::console::levels::Level)'
video_publisher_node.cpp:(.text._ZNK3ros9Publisher7publishIN11sensor_msgs6Image_ISaIvEEEEEvRKN5boost10shared_ptrIT_EE[_ZNK3ros9Publisher7publishIN11sensor_msgs6Image_ISaIvEEEEEvRKN5boost10shared_ptrIT_EE]+0x98c): undefined reference to `ros::console::checkLogLocationEnabled(ros::console::LogLocation*)'
video_publisher_node.cpp:(.text._ZNK3ros9Publisher7publishIN11sensor_msgs6Image_ISaIvEEEEEvRKN5boost10shared_ptrIT_EE[_ZNK3ros9Publisher7publishIN11sensor_msgs6Image_ISaIvEEEEEvRKN5boost10shared_ptrIT_EE]+0xa10): undefined reference to `ros::console::print(ros::console::FilterBase*, void*, ros::console::levels::Level, char const*, int, char const*, char const*, ...)'
video_publisher_node.cpp:(.text._ZNK3ros9Publisher7publishIN11sensor_msgs6Image_ISaIvEEEEEvRKN5boost10shared_ptrIT_EE[_ZNK3ros9Publisher7publishIN11sensor_msgs6Image_ISaIvEEEEEvRKN5boost10shared_ptrIT_EE]+0xa14): undefined reference to `ros::console::g_initialized'
video_publisher_node.cpp:(.text._ZNK3ros9Publisher7publishIN11sensor_msgs6Image_ISaIvEEEEEvRKN5boost10shared_ptrIT_EE[_ZNK3ros9Publisher7publishIN11sensor_msgs6Image_ISaIvEEEEEvRKN5boost10shared_ptrIT_EE]+0xa18): undefined reference to `ros::console::g_initialized'
video_publisher_node.cpp:(.text._ZNK3ros9Publisher7publishIN11sensor_msgs6Image_ISaIvEEEEEvRKN5boost10shared_ptrIT_EE[_ZNK3ros9Publisher7publishIN11sensor_msgs6Image_ISaIvEEEEEvRKN5boost10shared_ptrIT_EE]+0xa34): undefined reference to `ros::console::initialize()'
video_publisher_node.cpp:(.text._ZNK3ros9Publisher7publishIN11sensor_msgs6Image_ISaIvEEEEEvRKN5boost10shared_ptrIT_EE[_ZNK3ros9Publisher7publishIN11sensor_msgs6Image_ISaIvEEEEEvRKN5boost10shared_ptrIT_EE]+0xa84): undefined reference to `ros::console::initializeLogLocation(ros::console::LogLocation*, std::__cxx11::basic_string<char, std::char_traits<char>, std::allocator<char> > const&, ros::console::levels::Level)'
video_publisher_node.cpp:(.text._ZNK3ros9Publisher7publishIN11sensor_msgs6Image_ISaIvEEEEEvRKN5boost10shared_ptrIT_EE[_ZNK3ros9Publisher7publishIN11sensor_msgs6Image_ISaIvEEEEEvRKN5boost10shared_ptrIT_EE]+0xac8): undefined reference to `ros::console::setLogLocationLevel(ros::console::LogLocation*, ros::console::levels::Level)'
video_publisher_node.cpp:(.text._ZNK3ros9Publisher7publishIN11sensor_msgs6Image_ISaIvEEEEEvRKN5boost10shared_ptrIT_EE[_ZNK3ros9Publisher7publishIN11sensor_msgs6Image_ISaIvEEEEEvRKN5boost10shared_ptrIT_EE]+0xad4): undefined reference to `ros::console::checkLogLocationEnabled(ros::console::LogLocation*)'
video_publisher_node.cpp:(.text._ZNK3ros9Publisher7publishIN11sensor_msgs6Image_ISaIvEEEEEvRKN5boost10shared_ptrIT_EE[_ZNK3ros9Publisher7publishIN11sensor_msgs6Image_ISaIvEEEEEvRKN5boost10shared_ptrIT_EE]+0xb9c): undefined reference to `ros::console::print(ros::console::FilterBase*, void*, ros::console::levels::Level, char const*, int, char const*, char const*, ...)'
video_publisher_node.cpp:(.text._ZNK3ros9Publisher7publishIN11sensor_msgs6Image_ISaIvEEEEEvRKN5boost10shared_ptrIT_EE[_ZNK3ros9Publisher7publishIN11sensor_msgs6Image_ISaIvEEEEEvRKN5boost10shared_ptrIT_EE]+0xba0): undefined reference to `ros::console::g_initialized'
video_publisher_node.cpp:(.text._ZNK3ros9Publisher7publishIN11sensor_msgs6Image_ISaIvEEEEEvRKN5boost10shared_ptrIT_EE[_ZNK3ros9Publisher7publishIN11sensor_msgs6Image_ISaIvEEEEEvRKN5boost10shared_ptrIT_EE]+0xba4): undefined reference to `ros::console::g_initialized'
video_publisher_node.cpp:(.text._ZNK3ros9Publisher7publishIN11sensor_msgs6Image_ISaIvEEEEEvRKN5boost10shared_ptrIT_EE[_ZNK3ros9Publisher7publishIN11sensor_msgs6Image_ISaIvEEEEEvRKN5boost10shared_ptrIT_EE]+0xbc0): undefined reference to `ros::console::initialize()'
video_publisher_node.cpp:(.text._ZNK3ros9Publisher7publishIN11sensor_msgs6Image_ISaIvEEEEEvRKN5boost10shared_ptrIT_EE[_ZNK3ros9Publisher7publishIN11sensor_msgs6Image_ISaIvEEEEEvRKN5boost10shared_ptrIT_EE]+0xc10): undefined reference to `ros::console::initializeLogLocation(ros::console::LogLocation*, std::__cxx11::basic_string<char, std::char_traits<char>, std::allocator<char> > const&, ros::console::levels::Level)'
video_publisher_node.cpp:(.text._ZNK3ros9Publisher7publishIN11sensor_msgs6Image_ISaIvEEEEEvRKN5boost10shared_ptrIT_EE[_ZNK3ros9Publisher7publishIN11sensor_msgs6Image_ISaIvEEEEEvRKN5boost10shared_ptrIT_EE]+0xc54): undefined reference to `ros::console::setLogLocationLevel(ros::console::LogLocation*, ros::console::levels::Level)'
video_publisher_node.cpp:(.text._ZNK3ros9Publisher7publishIN11sensor_msgs6Image_ISaIvEEEEEvRKN5boost10shared_ptrIT_EE[_ZNK3ros9Publisher7publishIN11sensor_msgs6Image_ISaIvEEEEEvRKN5boost10shared_ptrIT_EE]+0xc60): undefined reference to `ros::console::checkLogLocationEnabled(ros::console::LogLocation*)'
video_publisher_node.cpp:(.text._ZNK3ros9Publisher7publishIN11sensor_msgs6Image_ISaIvEEEEEvRKN5boost10shared_ptrIT_EE[_ZNK3ros9Publisher7publishIN11sensor_msgs6Image_ISaIvEEEEEvRKN5boost10shared_ptrIT_EE]+0xcc8): undefined reference to `ros::console::print(ros::console::FilterBase*, void*, ros::console::levels::Level, char const*, int, char const*, char const*, ...)'
video_publisher_node.cpp:(.text._ZNK3ros9Publisher7publishIN11sensor_msgs6Image_ISaIvEEEEEvRKN5boost10shared_ptrIT_EE[_ZNK3ros9Publisher7publishIN11sensor_msgs6Image_ISaIvEEEEEvRKN5boost10shared_ptrIT_EE]+0xd50): undefined reference to `ros::Publisher::publish(boost::function<ros::SerializedMessage ()> const&, ros::SerializedMessage&) const'
CMakeFiles/video_publisher_node.dir/src/video_publisher_node.cpp.o: In function `void ros::serialization::Serializer<unsigned int>::write<ros::serialization::OStream>(ros::serialization::OStream&, unsigned int)':
video_publisher_node.cpp:(.text._ZN3ros13serialization10SerializerIjE5writeINS0_7OStreamEEEvRT_j[_ZN3ros13serialization10SerializerIjE5writeINS0_7OStreamEEEvRT_j]+0x5c): undefined reference to `ros::serialization::throwStreamOverrun()'
CMakeFiles/video_publisher_node.dir/src/video_publisher_node.cpp.o: In function `void ros::serialization::Serializer<std::__cxx11::basic_string<char, std::char_traits<char>, std::allocator<char> > >::write<ros::serialization::OStream>(ros::serialization::OStream&, std::__cxx11::basic_string<char, std::char_traits<char>, std::allocator<char> > const&)':
video_publisher_node.cpp:(.text._ZN3ros13serialization10SerializerINSt7__cxx1112basic_stringIcSt11char_traitsIcESaIcEEEE5writeINS0_7OStreamEEEvRT_RKS7_[_ZN3ros13serialization10SerializerINSt7__cxx1112basic_stringIcSt11char_traitsIcESaIcEEEE5writeINS0_7OStreamEEEvRT_RKS7_]+0xac): undefined reference to `ros::serialization::throwStreamOverrun()'
CMakeFiles/video_publisher_node.dir/src/video_publisher_node.cpp.o: In function `void ros::serialization::Serializer<unsigned char>::write<ros::serialization::OStream>(ros::serialization::OStream&, unsigned char)':
video_publisher_node.cpp:(.text._ZN3ros13serialization10SerializerIhE5writeINS0_7OStreamEEEvRT_h[_ZN3ros13serialization10SerializerIhE5writeINS0_7OStreamEEEvRT_h]+0x5c): undefined reference to `ros::serialization::throwStreamOverrun()'
CMakeFiles/video_publisher_node.dir/src/video_publisher_node.cpp.o: In function `void ros::serialization::VectorSerializer<unsigned char, std::allocator<unsigned char>, void>::write<ros::serialization::OStream>(ros::serialization::OStream&, std::vector<unsigned char, std::allocator<unsigned char> > const&)':
video_publisher_node.cpp:(.text._ZN3ros13serialization16VectorSerializerIhSaIhEvE5writeINS0_7OStreamEEEvRT_RKSt6vectorIhS2_E[_ZN3ros13serialization16VectorSerializerIhSaIhEvE5writeINS0_7OStreamEEEvRT_RKSt6vectorIhS2_E]+0xbc): undefined reference to `ros::serialization::throwStreamOverrun()'
collect2: error: ld returned 1 exit status
CMakeFiles/video_publisher_node.dir/build.make:96: recipe for target '/home/amov/catkin_ws/devel/.private/video_publisher_cpp/lib/video_publisher_cpp/video_publisher_node' failed
make[2]: *** [/home/amov/catkin_ws/devel/.private/video_publisher_cpp/lib/video_publisher_cpp/video_publisher_node] Error 1
CMakeFiles/Makefile2:942: recipe for target 'CMakeFiles/video_publisher_node.dir/all' failed
Makefile:145: recipe for target 'all' failed
make[1]: *** [CMakeFiles/video_publisher_node.dir/all] Error 2
make: *** [all] Error 2
